1447799516 1 27606891
1447799522 1 27606892
1447799526 2 27606893
1447799528 1 27606894
1447799532 2 27606895
1447799534 1 27606896
1447799536 3 27606897
1447799538 2 27606898
1447799540 1 27606899
1447799546 1 27606900
1447799546 4 27606901
1447799547 2 27606902
1447799548 3 27606903
1447799552 1 27606904
1447799552 4 27606905
1447799553 2 27606906
1447799554 3 27606907
1447799556 5 27606908
1447799558 1 27606909
1447799558 4 27606910
1447799559 2 27606911
1447799560 3 27606912
1447799562 5 27606913
1447799564 1 27606914
1447799564 4 27606915
1447799565 2 27606916
1447799566 6 27606918
1447799566 3 27606917
1447799568 5 27606919
1447799570 1 27606920
1447799571 2 27606921
1447799572 3 27606922
1447799572 6 27606923
1447799573 4 27606924
1447799574 5 27606925
1447799576 1 27606926
1447799576 7 27606927
1447799577 2 27606928
1447799578 3 27606929
1447799578 6 27606930
1447799579 4 27606931
1447799581 5 27606932
1447799583 2 27606933
1447799584 6 27606935
1447799584 3 27606934
1447799585 1 27606936
1447799585 7 27606937
1447799585 4 27606938
1447799586 8 27606939
1447799587 5 27606940
1447799590 2 27606941
1447799590 6 27606943
1447799590 3 27606942
1447799591 1 27606944
1447799591 7 27606945
1447799591 4 27606946
1447799592 8 27606947
1447799593 5 27606948
1447799596 2 27606949
1447799596 9 27606950
1447799596 6 27606952
1447799596 3 27606951
1447799597 1 27606953
1447799597 7 27606954
1447799597 4 27606955
1447799598 8 27606956
1447799599 5 27606957
1447799606 10 27606958
1447799607 4 27606959
1447799607 5 27606960
1447799607 2 27606961
1447799607 9 27606962
1447799607 7 27606963
1447799607 1 27606964
1447799608 6 27606965
1447799608 8 27606966
1447799608 3 27606967
1447799612 10 27606968
1447799613 5 27606969
1447799613 4 27606970
1447799613 2 27606971
1447799613 9 27606973
1447799614 7 27606972
1447799614 1 27606974
1447799614 8 27606975
1447799614 6 27606976
1447799614 3 27606977
1447799616 11 27606978
1447799618 10 27606979
1447799619 5 27606980
1447799619 4 27606981
1447799619 2 27606982
1447799620 9 27606983
1447799620 7 27606984
1447799620 6 27606985
1447799620 8 27606986
1447799620 1 27606987
1447799620 3 27606988
1447799622 11 27606989
1447799624 10 27606990
1447799625 5 27606991
1447799626 2 27606992
1447799626 7 27606993
1447799626 9 27606994
1447799626 6 27606995
1447799626 8 27606996
1447799626 3 27606998
1447799626 1 27606997
1447799626 12 27606999
1447799628 11 27607000
1447799628 4 27607001
1447799630 10 27607002
1447799631 5 27607003
1447799632 2 27607004
1447799632 7 27607005
1447799632 9 27607006
1447799632 8 27607007
1447799632 6 27607008
1447799632 3 27607010
1447799633 1 27607009
1447799633 12 27607011
1447799634 11 27607012
1447799634 4 27607013
1447799636 13 27607014
1447799636 10 27607015
1447799638 5 27607016
1447799638 2 27607017
1447799638 7 27607018
1447799639 8 27607020
1447799639 9 27607019
1447799639 6 27607021
1447799639 3 27607022
1447799639 12 27607024
1447799639 1 27607023
1447799640 11 27607025
1447799641 4 27607026
1447799643 13 27607027
1447799644 5 27607028
1447799645 2 27607029
1447799645 7 27607030
1447799645 9 27607031
1447799645 8 27607032
1447799645 12 27607034
1447799645 3 27607035
1447799645 1 27607033
1447799645 6 27607036
1447799646 10 27607037
1447799646 14 27607038
1447799647 11 27607039
1447799647 4 27607040
1447799649 13 27607041
1447799650 5 27607042
1447799651 2 27607043
1447799651 7 27607044
1447799651 9 27607045
1447799651 3 27607046
1447799651 8 27607047
1447799651 1 27607048
1447799651 12 27607049
1447799651 6 27607050
1447799652 10 27607051
1447799652 14 27607052
1447799652 11 27607053
1447799653 4 27607054
1447799655 13 27607055
1447799656 5 27607056
1447799656 15 27607057
1447799657 7 27607058
1447799657 9 27607060
1447799657 3 27607059
1447799657 12 27607061
1447799657 8 27607062
1447799657 1 27607063
1447799658 6 27607064
1447799658 10 27607065
1447799658 14 27607066
1447799658 11 27607067
1447799659 4 27607068
1447799660 2 27607069
1447799697 7 27607070
1447799697 9 27607071
1447799697 4 27607072
1447799697 15 27607073
1447799697 8 27607074
1447799697 12 27607075
1447799697 6 27607076
1447799697 3 27607077
1447799697 1 27607078
1447799697 2 27607079
1447799698 10 27607080
1447799698 13 27607082
1447799698 5 27607081
1447799698 11 27607083
1447799698 14 27607084
1447799703 9 27607085
1447799703 7 27607086
1447799703 4 27607087
1447799704 15 27607088
1447799704 8 27607089
1447799704 12 27607090
1447799704 6 27607091
1447799704 3 27607092
1447799704 1 27607093
1447799704 2 27607094
1447799704 10 27607095
1447799704 11 27607096
1447799704 13 27607097
1447799704 5 27607098
1447799705 14 27607099
1447799709 9 27607100
1447799709 7 27607101
1447799710 4 27607102
1447799710 15 27607103
1447799710 8 27607104
1447799710 6 27607105
1447799710 12 27607107
1447799710 3 27607106
1447799710 2 27607108
1447799710 1 27607109
1447799711 11 27607110
1447799711 10 27607111
1447799711 14 27607112
1447799711 5 27607113
1447799714 13 27607114
