1447799515 1 login 0.56
1447799515 1 main 0.11
1447799515 1 games 0.17
1447799515 1 add_outcome 0.12
1447799516 1 apply_bet 0.20
1447799516 1 get_pdf 0.32
1447799521 1 add_outcome 0.20
1447799522 1 apply_bet 0.19
1447799522 1 get_pdf 0.33
1447799525 2 login 0.50
1447799525 2 main 0.20
1447799525 2 games 0.28
1447799525 2 add_outcome 0.18
1447799526 2 apply_bet 0.19
1447799526 2 get_pdf 0.31
1447799527 1 add_outcome 0.19
1447799528 1 apply_bet 0.20
1447799528 1 get_pdf 0.31
1447799531 2 add_outcome 0.19
1447799532 2 apply_bet 0.20
1447799532 2 get_pdf 0.32
1447799533 1 add_outcome 0.28
1447799534 1 apply_bet 0.20
1447799534 1 get_pdf 0.32
1447799535 3 login 0.71
1447799535 3 main 0.19
1447799535 3 games 0.26
1447799536 3 add_outcome 0.19
1447799536 3 apply_bet 0.19
1447799536 3 get_pdf 0.31
1447799537 2 add_outcome 0.18
1447799538 2 apply_bet 0.19
1447799538 2 get_pdf 0.31
1447799539 1 add_outcome 0.18
1447799540 1 apply_bet 0.19
1447799540 1 get_pdf 0.32
1447799542 3 add_outcome 0.19
1447799543 2 add_outcome 0.20
1447799545 4 login 0.69
1447799545 4 main 0.20
1447799545 1 add_outcome 0.19
1447799545 4 games 0.27
1447799546 4 add_outcome 0.18
1447799546 1 apply_bet 0.20
1447799546 4 apply_bet 0.19
1447799546 1 get_pdf 0.34
1447799546 4 get_pdf 0.31
1447799547 2 update_coef 3.29
1447799547 3 update_coef 5.49
1447799547 2 apply_bet 0.26
1447799548 2 get_pdf 0.33
1447799548 3 apply_bet 0.21
1447799548 3 get_pdf 0.52
1447799551 1 add_outcome 0.19
1447799552 4 add_outcome 0.22
1447799552 1 apply_bet 0.20
1447799552 4 apply_bet 0.20
1447799552 1 get_pdf 0.32
1447799552 4 get_pdf 0.31
1447799553 2 add_outcome 0.19
1447799553 2 apply_bet 0.21
1447799553 3 add_outcome 0.20
1447799554 2 get_pdf 0.32
1447799554 3 apply_bet 0.19
1447799554 3 get_pdf 0.32
1447799555 5 login 0.54
1447799555 5 main 0.18
1447799555 5 games 0.27
1447799555 5 add_outcome 0.18
1447799556 5 apply_bet 0.20
1447799556 5 get_pdf 0.31
1447799557 1 add_outcome 0.19
1447799558 4 add_outcome 0.36
1447799558 1 apply_bet 0.21
1447799558 1 get_pdf 0.32
1447799558 4 apply_bet 0.20
1447799559 4 get_pdf 0.32
1447799559 2 add_outcome 0.39
1447799559 2 apply_bet 0.21
1447799559 3 add_outcome 0.20
1447799560 2 get_pdf 0.31
1447799560 3 apply_bet 0.20
1447799560 3 get_pdf 0.31
1447799562 5 add_outcome 0.39
1447799562 5 apply_bet 0.19
1447799562 5 get_pdf 0.32
1447799563 1 add_outcome 0.18
1447799564 4 add_outcome 0.18
1447799564 1 apply_bet 0.20
1447799564 1 get_pdf 0.31
1447799564 4 apply_bet 0.23
1447799565 4 get_pdf 0.33
1447799565 2 add_outcome 0.18
1447799565 6 login 0.70
1447799565 6 main 0.18
1447799565 2 apply_bet 0.20
1447799565 6 games 0.26
1447799565 3 add_outcome 0.21
1447799566 6 add_outcome 0.22
1447799566 2 get_pdf 0.36
1447799566 6 apply_bet 0.19
1447799566 3 apply_bet 0.31
1447799566 6 get_pdf 0.32
1447799566 3 get_pdf 0.33
1447799568 5 add_outcome 0.20
1447799568 5 apply_bet 0.20
1447799568 5 get_pdf 0.32
1447799569 1 add_outcome 0.19
1447799570 1 apply_bet 0.21
1447799570 4 add_outcome 0.27
1447799570 1 get_pdf 0.32
1447799571 2 add_outcome 0.18
1447799571 2 apply_bet 0.21
1447799572 3 add_outcome 0.19
1447799572 6 add_outcome 0.22
1447799572 2 get_pdf 0.33
1447799572 3 apply_bet 0.20
1447799572 6 apply_bet 0.19
1447799572 3 get_pdf 0.32
1447799572 6 get_pdf 0.31
1447799573 4 update_coef 3.08
1447799573 4 apply_bet 0.22
1447799574 4 get_pdf 0.31
1447799574 5 add_outcome 0.39
1447799574 5 apply_bet 0.20
1447799575 5 get_pdf 0.32
1447799575 7 login 0.52
1447799575 7 main 0.18
1447799575 7 games 0.26
1447799575 1 add_outcome 0.23
1447799575 7 add_outcome 0.18
1447799576 1 apply_bet 0.21
1447799576 7 apply_bet 0.18
1447799576 1 get_pdf 0.30
1447799576 7 get_pdf 0.30
1447799577 2 add_outcome 0.19
1447799577 2 apply_bet 0.20
1447799578 3 add_outcome 0.19
1447799578 6 add_outcome 0.23
1447799578 2 get_pdf 0.32
1447799578 3 apply_bet 0.20
1447799578 6 apply_bet 0.20
1447799578 3 get_pdf 0.34
1447799578 6 get_pdf 0.31
1447799579 4 add_outcome 0.18
1447799579 4 apply_bet 0.18
1447799580 4 get_pdf 0.27
1447799580 5 add_outcome 0.18
1447799581 5 apply_bet 0.21
1447799581 5 get_pdf 0.31
1447799581 1 add_outcome 0.19
1447799581 7 add_outcome 0.20
1447799583 2 add_outcome 0.20
1447799583 2 apply_bet 0.23
1447799584 3 add_outcome 0.22
1447799584 6 add_outcome 0.22
1447799584 2 get_pdf 0.37
1447799584 6 apply_bet 0.20
1447799584 3 apply_bet 0.21
1447799585 3 get_pdf 0.33
1447799585 1 update_coef 3.07
1447799585 6 get_pdf 0.35
1447799585 7 update_coef 3.08
1447799585 8 login 0.58
1447799585 4 add_outcome 0.18
1447799585 1 apply_bet 0.20
1447799585 7 apply_bet 0.20
1447799585 8 main 0.18
1447799585 8 games 0.26
1447799585 1 get_pdf 0.31
1447799585 7 get_pdf 0.29
1447799585 4 apply_bet 0.24
1447799585 8 add_outcome 0.18
1447799586 4 get_pdf 0.30
1447799586 8 apply_bet 0.22
1447799586 5 add_outcome 0.22
1447799586 8 get_pdf 0.33
1447799587 5 apply_bet 0.21
1447799587 5 get_pdf 0.32
1447799589 2 add_outcome 0.20
1447799590 2 apply_bet 0.21
1447799590 3 add_outcome 0.19
1447799590 6 add_outcome 0.18
1447799590 2 get_pdf 0.32
1447799590 6 apply_bet 0.20
1447799590 3 apply_bet 0.21
1447799591 1 add_outcome 0.18
1447799591 3 get_pdf 0.31
1447799591 6 get_pdf 0.32
1447799591 7 add_outcome 0.24
1447799591 4 add_outcome 0.19
1447799591 1 apply_bet 0.21
1447799591 7 apply_bet 0.21
1447799591 1 get_pdf 0.32
1447799591 7 get_pdf 0.33
1447799591 4 apply_bet 0.22
1447799592 8 add_outcome 0.21
1447799592 4 get_pdf 0.32
1447799592 8 apply_bet 0.19
1447799592 5 add_outcome 0.20
1447799592 8 get_pdf 0.31
1447799593 5 apply_bet 0.20
1447799593 5 get_pdf 0.32
1447799595 9 login 0.49
1447799595 9 main 0.19
1447799595 2 add_outcome 0.19
1447799595 9 games 0.26
1447799595 9 add_outcome 0.18
1447799596 2 apply_bet 0.22
1447799596 3 add_outcome 0.21
1447799596 6 add_outcome 0.21
1447799596 2 get_pdf 0.33
1447799596 9 apply_bet 0.20
1447799596 6 apply_bet 0.20
1447799596 3 apply_bet 0.21
1447799596 9 get_pdf 0.33
1447799597 1 add_outcome 0.19
1447799597 6 get_pdf 0.32
1447799597 3 get_pdf 0.34
1447799597 7 add_outcome 0.19
1447799597 4 add_outcome 0.21
1447799597 1 apply_bet 0.20
1447799597 7 apply_bet 0.17
1447799597 1 get_pdf 0.28
1447799597 7 get_pdf 0.28
1447799597 4 apply_bet 0.21
1447799598 8 add_outcome 0.20
1447799598 4 get_pdf 0.32
1447799598 8 apply_bet 0.20
1447799598 5 add_outcome 0.20
1447799598 8 get_pdf 0.33
1447799599 5 apply_bet 0.20
1447799599 5 get_pdf 0.31
1447799601 2 add_outcome 0.19
1447799601 9 add_outcome 0.18
1447799602 6 add_outcome 0.19
1447799602 3 add_outcome 0.21
1447799603 1 add_outcome 0.20
1447799603 7 add_outcome 0.20
1447799603 4 add_outcome 0.19
1447799604 8 add_outcome 0.39
1447799604 5 add_outcome 0.18
1447799605 10 login 0.84
1447799605 10 main 0.18
1447799606 10 games 0.26
1447799606 10 add_outcome 0.18
1447799606 10 apply_bet 0.20
1447799606 4 update_coef 3.28
1447799606 5 update_coef 2.27
1447799606 2 update_coef 5.34
1447799607 10 get_pdf 0.32
1447799607 9 update_coef 5.29
1447799607 4 apply_bet 0.21
1447799607 1 update_coef 4.28
1447799607 7 update_coef 4.28
1447799607 5 apply_bet 0.22
1447799607 8 update_coef 3.28
1447799607 2 apply_bet 0.25
1447799607 6 update_coef 5.28
1447799607 3 update_coef 5.29
1447799607 5 get_pdf 0.33
1447799607 4 get_pdf 0.45
1447799607 9 apply_bet 0.22
1447799607 7 apply_bet 0.21
1447799607 2 get_pdf 0.34
1447799607 1 apply_bet 0.26
1447799608 6 apply_bet 0.18
1447799608 8 apply_bet 0.23
1447799608 3 apply_bet 0.24
1447799608 7 get_pdf 0.30
1447799608 9 get_pdf 0.35
1447799608 1 get_pdf 0.27
1447799608 6 get_pdf 0.26
1447799608 8 get_pdf 0.25
1447799608 3 get_pdf 0.25
1447799612 10 add_outcome 0.18
1447799612 10 apply_bet 0.20
1447799612 5 add_outcome 0.19
1447799612 4 add_outcome 0.21
1447799613 10 get_pdf 0.34
1447799613 2 add_outcome 0.23
1447799613 7 add_outcome 0.22
1447799613 9 add_outcome 0.19
1447799613 1 add_outcome 0.21
1447799613 5 apply_bet 0.24
1447799613 4 apply_bet 0.25
1447799613 6 add_outcome 0.23
1447799613 8 add_outcome 0.23
1447799613 3 add_outcome 0.24
1447799613 2 apply_bet 0.29
1447799613 5 get_pdf 0.36
1447799613 4 get_pdf 0.39
1447799613 9 apply_bet 0.26
1447799614 7 apply_bet 0.31
1447799614 2 get_pdf 0.39
1447799614 1 apply_bet 0.29
1447799614 8 apply_bet 0.25
1447799614 6 apply_bet 0.25
1447799614 3 apply_bet 0.24
1447799614 7 get_pdf 0.32
1447799614 9 get_pdf 0.35
1447799614 1 get_pdf 0.34
1447799614 8 get_pdf 0.33
1447799614 6 get_pdf 0.35
1447799614 3 get_pdf 0.34
1447799615 11 login 0.68
1447799615 11 main 0.18
1447799615 11 games 0.27
1447799616 11 add_outcome 0.19
1447799616 11 apply_bet 0.19
1447799616 11 get_pdf 0.31
1447799618 10 add_outcome 0.18
1447799618 10 apply_bet 0.20
1447799618 5 add_outcome 0.20
1447799619 10 get_pdf 0.32
1447799619 4 add_outcome 0.21
1447799619 2 add_outcome 0.18
1447799619 5 apply_bet 0.23
1447799619 9 add_outcome 0.20
1447799619 7 add_outcome 0.22
1447799619 4 apply_bet 0.26
1447799619 1 add_outcome 0.24
1447799619 8 add_outcome 0.23
1447799619 6 add_outcome 0.22
1447799619 3 add_outcome 0.24
1447799619 2 apply_bet 0.28
1447799619 5 get_pdf 0.47
1447799620 4 get_pdf 0.41
1447799620 9 apply_bet 0.25
1447799620 7 apply_bet 0.24
1447799620 2 get_pdf 0.37
1447799620 6 apply_bet 0.26
1447799620 8 apply_bet 0.24
1447799620 1 apply_bet 0.27
1447799620 3 apply_bet 0.26
1447799620 7 get_pdf 0.32
1447799620 9 get_pdf 0.41
1447799620 6 get_pdf 0.33
1447799620 8 get_pdf 0.34
1447799620 1 get_pdf 0.38
1447799620 3 get_pdf 0.32
1447799622 11 add_outcome 0.19
1447799622 11 apply_bet 0.19
1447799622 11 get_pdf 0.32
1447799624 10 add_outcome 0.18
1447799624 10 apply_bet 0.21
1447799625 10 get_pdf 0.32
1447799625 5 add_outcome 0.20
1447799625 4 add_outcome 0.20
1447799625 12 login 0.51
1447799625 2 add_outcome 0.18
1447799625 12 main 0.19
1447799625 7 add_outcome 0.22
1447799625 5 apply_bet 0.26
1447799625 9 add_outcome 0.23
1447799625 12 games 0.34
1447799625 8 add_outcome 0.24
1447799625 6 add_outcome 0.26
1447799626 1 add_outcome 0.24
1447799626 3 add_outcome 0.22
1447799626 2 apply_bet 0.29
1447799626 12 add_outcome 0.25
1447799626 5 get_pdf 0.45
1447799626 7 apply_bet 0.29
1447799626 9 apply_bet 0.26
1447799626 6 apply_bet 0.25
1447799626 2 get_pdf 0.49
1447799626 8 apply_bet 0.26
1447799626 3 apply_bet 0.27
1447799626 1 apply_bet 0.31
1447799626 12 apply_bet 0.25
1447799626 7 get_pdf 0.45
1447799626 9 get_pdf 0.41
1447799626 8 get_pdf 0.35
1447799626 6 get_pdf 0.37
1447799627 3 get_pdf 0.33
1447799627 1 get_pdf 0.34
1447799627 12 get_pdf 0.33
1447799628 11 add_outcome 0.18
1447799628 4 update_coef 3.07
1447799628 11 apply_bet 0.20
1447799628 4 apply_bet 0.21
1447799628 11 get_pdf 0.35
1447799629 4 get_pdf 0.32
1447799630 10 add_outcome 0.18
1447799630 10 apply_bet 0.21
1447799631 10 get_pdf 0.32
1447799631 5 add_outcome 0.20
1447799631 2 add_outcome 0.18
1447799631 5 apply_bet 0.22
1447799632 7 add_outcome 0.21
1447799632 9 add_outcome 0.21
1447799632 6 add_outcome 0.21
1447799632 8 add_outcome 0.23
1447799632 3 add_outcome 0.24
1447799632 1 add_outcome 0.21
1447799632 5 get_pdf 0.40
1447799632 12 add_outcome 0.24
1447799632 2 apply_bet 0.28
1447799632 9 apply_bet 0.26
1447799632 7 apply_bet 0.26
1447799632 8 apply_bet 0.25
1447799632 6 apply_bet 0.26
1447799632 2 get_pdf 0.43
1447799632 3 apply_bet 0.30
1447799633 1 apply_bet 0.31
1447799633 12 apply_bet 0.26
1447799633 7 get_pdf 0.35
1447799633 9 get_pdf 0.39
1447799633 8 get_pdf 0.38
1447799633 6 get_pdf 0.39
1447799633 1 get_pdf 0.32
1447799633 3 get_pdf 0.37
1447799633 12 get_pdf 0.36
1447799634 11 add_outcome 0.29
1447799634 4 add_outcome 0.18
1447799634 11 apply_bet 0.26
1447799634 4 apply_bet 0.26
1447799635 11 get_pdf 0.35
1447799635 4 get_pdf 0.34
1447799635 13 login 0.75
1447799635 13 main 0.19
1447799636 13 games 0.27
1447799636 13 add_outcome 0.21
1447799636 10 add_outcome 0.20
1447799636 13 apply_bet 0.20
1447799636 10 apply_bet 0.21
1447799637 13 get_pdf 0.36
1447799637 10 get_pdf 0.36
1447799637 5 add_outcome 0.20
1447799638 5 apply_bet 0.22
1447799638 2 add_outcome 0.22
1447799638 7 add_outcome 0.18
1447799638 8 add_outcome 0.20
1447799638 9 add_outcome 0.22
1447799638 5 get_pdf 0.37
1447799638 6 add_outcome 0.21
1447799638 1 add_outcome 0.22
1447799638 3 add_outcome 0.21
1447799638 12 add_outcome 0.21
1447799638 2 apply_bet 0.28
1447799638 7 apply_bet 0.25
1447799639 2 get_pdf 0.35
1447799639 8 apply_bet 0.27
1447799639 9 apply_bet 0.28
1447799639 6 apply_bet 0.33
1447799639 3 apply_bet 0.28
1447799639 12 apply_bet 0.23
1447799639 1 apply_bet 0.29
1447799639 7 get_pdf 0.34
1447799639 9 get_pdf 0.35
1447799639 8 get_pdf 0.41
1447799639 3 get_pdf 0.34
1447799639 6 get_pdf 0.38
1447799639 12 get_pdf 0.34
1447799639 1 get_pdf 0.34
1447799640 11 add_outcome 0.19
1447799640 4 add_outcome 0.19
1447799640 11 apply_bet 0.20
1447799641 4 apply_bet 0.24
1447799641 11 get_pdf 0.31
1447799641 4 get_pdf 0.31
1447799642 13 add_outcome 0.19
1447799642 10 add_outcome 0.20
1447799643 13 apply_bet 0.40
1447799643 13 get_pdf 0.52
1447799643 5 add_outcome 0.19
1447799644 5 apply_bet 0.33
1447799644 2 add_outcome 0.39
1447799644 7 add_outcome 0.22
1447799644 5 get_pdf 0.41
1447799644 9 add_outcome 0.21
1447799644 8 add_outcome 0.26
1447799644 1 add_outcome 0.22
1447799644 3 add_outcome 0.26
1447799644 6 add_outcome 0.26
1447799644 12 add_outcome 0.27
1447799645 2 apply_bet 0.23
1447799645 7 apply_bet 0.25
1447799645 9 apply_bet 0.23
1447799645 8 apply_bet 0.24
1447799645 12 apply_bet 0.23
1447799645 2 get_pdf 0.33
1447799645 3 apply_bet 0.24
1447799645 1 apply_bet 0.26
1447799645 14 login 0.56
1447799645 7 get_pdf 0.31
1447799645 6 apply_bet 0.23
1447799645 10 update_coef 3.08
1447799645 14 main 0.19
1447799645 9 get_pdf 0.42
1447799645 3 get_pdf 0.33
1447799645 1 get_pdf 0.34
1447799645 12 get_pdf 0.38
1447799645 8 get_pdf 0.43
1447799645 6 get_pdf 0.36
1447799645 14 games 0.35
1447799646 14 add_outcome 0.22
1447799646 10 apply_bet 0.22
1447799646 11 add_outcome 0.22
1447799646 4 add_outcome 0.21
1447799646 10 get_pdf 0.37
1447799646 14 apply_bet 0.19
1447799647 11 apply_bet 0.27
1447799647 14 get_pdf 0.40
1447799647 4 apply_bet 0.23
1447799647 11 get_pdf 0.32
1447799647 4 get_pdf 0.31
1447799648 13 add_outcome 0.22
1447799649 13 apply_bet 0.18
1447799649 13 get_pdf 0.32
1447799649 5 add_outcome 0.19
1447799650 5 apply_bet 0.23
1447799650 2 add_outcome 0.20
1447799650 7 add_outcome 0.21
1447799650 5 get_pdf 0.40
1447799650 9 add_outcome 0.20
1447799650 3 add_outcome 0.22
1447799650 1 add_outcome 0.23
1447799650 8 add_outcome 0.21
1447799650 12 add_outcome 0.24
1447799651 6 add_outcome 0.23
1447799651 2 apply_bet 0.27
1447799651 7 apply_bet 0.26
1447799651 9 apply_bet 0.29
1447799651 3 apply_bet 0.30
1447799651 8 apply_bet 0.30
1447799651 2 get_pdf 0.41
1447799651 1 apply_bet 0.30
1447799651 12 apply_bet 0.26
1447799651 7 get_pdf 0.36
1447799651 6 apply_bet 0.30
1447799651 10 add_outcome 0.23
1447799651 9 get_pdf 0.42
1447799651 3 get_pdf 0.37
1447799652 8 get_pdf 0.40
1447799652 12 get_pdf 0.38
1447799652 1 get_pdf 0.39
1447799652 6 get_pdf 0.44
1447799652 14 add_outcome 0.19
1447799652 10 apply_bet 0.23
1447799652 11 add_outcome 0.20
1447799652 4 add_outcome 0.25
1447799652 10 get_pdf 0.35
1447799652 14 apply_bet 0.22
1447799652 11 apply_bet 0.19
1447799653 4 apply_bet 0.24
1447799653 14 get_pdf 0.34
1447799653 11 get_pdf 0.30
1447799653 4 get_pdf 0.30
1447799654 13 add_outcome 0.40
1447799655 15 login 0.58
1447799655 13 apply_bet 0.21
1447799655 13 get_pdf 0.31
1447799655 15 main 0.35
1447799655 5 add_outcome 0.19
1447799656 15 games 0.26
1447799656 15 add_outcome 0.18
1447799656 5 apply_bet 0.23
1447799656 15 apply_bet 0.20
1447799656 2 add_outcome 0.18
1447799656 7 add_outcome 0.23
1447799656 5 get_pdf 0.32
1447799657 15 get_pdf 0.33
1447799657 9 add_outcome 0.19
1447799657 3 add_outcome 0.20
1447799657 8 add_outcome 0.21
1447799657 12 add_outcome 0.21
1447799657 1 add_outcome 0.21
1447799657 6 add_outcome 0.23
1447799657 7 apply_bet 0.28
1447799657 9 apply_bet 0.24
1447799657 3 apply_bet 0.29
1447799657 12 apply_bet 0.25
1447799657 7 get_pdf 0.38
1447799657 8 apply_bet 0.26
1447799657 1 apply_bet 0.32
1447799658 6 apply_bet 0.30
1447799658 10 add_outcome 0.24
1447799658 9 get_pdf 0.35
1447799658 3 get_pdf 0.36
1447799658 12 get_pdf 0.34
1447799658 8 get_pdf 0.37
1447799658 1 get_pdf 0.33
1447799658 6 get_pdf 0.28
1447799658 14 add_outcome 0.16
1447799658 11 add_outcome 0.15
1447799658 10 apply_bet 0.13
1447799658 4 add_outcome 0.12
1447799658 14 apply_bet 0.12
1447799658 10 get_pdf 0.21
1447799658 11 apply_bet 0.13
1447799658 14 get_pdf 0.23
1447799659 4 apply_bet 0.26
1447799659 11 get_pdf 0.32
1447799659 4 get_pdf 0.33
1447799659 2 update_coef 3.06
1447799660 2 apply_bet 0.23
1447799660 2 get_pdf 0.33
1447799660 13 add_outcome 0.19
1447799662 5 add_outcome 0.20
1447799662 15 add_outcome 0.39
1447799663 7 add_outcome 0.21
1447799663 9 add_outcome 0.18
1447799663 3 add_outcome 0.20
1447799663 12 add_outcome 0.22
1447799663 8 add_outcome 0.22
1447799663 1 add_outcome 0.20
1447799663 6 add_outcome 0.23
1447799663 10 add_outcome 0.22
1447799664 13 update_coef 3.07
1447799664 14 add_outcome 0.19
1447799664 11 add_outcome 0.19
1447799664 4 add_outcome 0.19
1447799665 2 add_outcome 0.18
1447799666 15 update_coef 4.28
1447799666 8 update_coef 3.31
1447799666 12 update_coef 3.40
1447799666 6 update_coef 3.31
1447799666 1 update_coef 3.36
1447799667 10 update_coef 3.31
1447799667 13 update_coef 3.32
1447799667 11 update_coef 3.06
1447799667 5 update_coef 5.29
1447799667 14 update_coef 3.34
1447799667 7 update_coef 4.36
1447799667 9 update_coef 4.32
1447799667 4 update_coef 3.08
1447799667 3 update_coef 4.40
1447799670 3 update_coef 3.08
1447799696 7 update_coef 29.33
1447799696 9 update_coef 29.29
1447799696 4 update_coef 29.34
1447799697 15 update_coef 30.33
1447799697 8 update_coef 30.31
1447799697 12 update_coef 30.31
1447799697 3 update_coef 26.33
1447799697 6 update_coef 30.32
1447799697 1 update_coef 30.32
1447799697 2 update_coef 31.33
1447799697 7 apply_bet 0.28
1447799697 9 apply_bet 0.23
1447799697 4 apply_bet 0.25
1447799697 10 update_coef 30.36
1447799697 15 apply_bet 0.23
1447799697 5 update_coef 30.29
1447799697 8 apply_bet 0.25
1447799697 13 update_coef 30.35
1447799697 11 update_coef 30.36
1447799697 12 apply_bet 0.24
1447799697 14 update_coef 30.37
1447799697 6 apply_bet 0.24
1447799697 3 apply_bet 0.25
1447799697 1 apply_bet 0.25
1447799697 2 apply_bet 0.27
1447799697 7 get_pdf 0.48
1447799697 9 get_pdf 0.45
1447799697 4 get_pdf 0.42
1447799698 15 get_pdf 0.46
1447799698 8 get_pdf 0.53
1447799698 12 get_pdf 0.52
1447799698 6 get_pdf 0.48
1447799698 3 get_pdf 0.53
1447799698 10 apply_bet 0.31
1447799698 1 get_pdf 0.57
1447799698 13 apply_bet 0.23
1447799698 5 apply_bet 0.26
1447799698 2 get_pdf 0.61
1447799698 11 apply_bet 0.25
1447799698 14 apply_bet 0.22
1447799698 10 get_pdf 0.33
1447799698 13 get_pdf 0.33
1447799698 11 get_pdf 0.32
1447799698 5 get_pdf 0.38
1447799698 14 get_pdf 0.36
1447799703 7 add_outcome 0.20
1447799703 9 add_outcome 0.19
1447799703 4 add_outcome 0.20
1447799703 15 add_outcome 0.20
1447799703 8 add_outcome 0.22
1447799703 12 add_outcome 0.24
1447799703 6 add_outcome 0.27
1447799703 3 add_outcome 0.26
1447799703 1 add_outcome 0.24
1447799703 9 apply_bet 0.28
1447799703 7 apply_bet 0.32
1447799703 2 add_outcome 0.27
1447799703 4 apply_bet 0.32
1447799704 10 add_outcome 0.40
1447799704 15 apply_bet 0.36
1447799704 11 add_outcome 0.35
1447799704 13 add_outcome 0.39
1447799704 9 get_pdf 0.47
1447799704 5 add_outcome 0.39
1447799704 7 get_pdf 0.51
1447799704 14 add_outcome 0.40
1447799704 8 apply_bet 0.38
1447799704 12 apply_bet 0.34
1447799704 6 apply_bet 0.31
1447799704 3 apply_bet 0.36
1447799704 1 apply_bet 0.33
1447799704 4 get_pdf 0.58
1447799704 2 apply_bet 0.30
1447799704 15 get_pdf 0.50
1447799704 8 get_pdf 0.50
1447799704 12 get_pdf 0.56
1447799704 6 get_pdf 0.54
1447799704 10 apply_bet 0.30
1447799704 11 apply_bet 0.24
1447799704 3 get_pdf 0.51
1447799704 1 get_pdf 0.51
1447799704 13 apply_bet 0.26
1447799704 2 get_pdf 0.38
1447799704 5 apply_bet 0.27
1447799705 14 apply_bet 0.28
1447799705 11 get_pdf 0.33
1447799705 10 get_pdf 0.39
1447799705 13 get_pdf 0.33
1447799705 14 get_pdf 0.30
1447799705 5 get_pdf 0.35
1447799709 9 add_outcome 0.19
1447799709 7 add_outcome 0.18
1447799709 4 add_outcome 0.21
1447799709 15 add_outcome 0.18
1447799709 9 apply_bet 0.21
1447799709 7 apply_bet 0.19
1447799709 8 add_outcome 0.21
1447799710 6 add_outcome 0.23
1447799710 12 add_outcome 0.25
1447799710 3 add_outcome 0.24
1447799710 2 add_outcome 0.24
1447799710 1 add_outcome 0.25
1447799710 7 get_pdf 0.44
1447799710 4 apply_bet 0.29
1447799710 9 get_pdf 0.48
1447799710 15 apply_bet 0.29
1447799710 10 add_outcome 0.27
1447799710 11 add_outcome 0.32
1447799710 14 add_outcome 0.29
1447799710 13 add_outcome 0.36
1447799710 5 add_outcome 0.34
1447799710 8 apply_bet 0.36
1447799710 6 apply_bet 0.30
1447799710 12 apply_bet 0.28
1447799710 4 get_pdf 0.53
1447799710 3 apply_bet 0.27
1447799710 15 get_pdf 0.43
1447799710 2 apply_bet 0.32
1447799710 1 apply_bet 0.35
1447799711 11 apply_bet 0.27
1447799711 10 apply_bet 0.27
1447799711 14 apply_bet 0.28
1447799711 8 get_pdf 0.59
1447799711 12 get_pdf 0.46
1447799711 3 get_pdf 0.46
1447799711 6 get_pdf 0.51
1447799711 2 get_pdf 0.47
1447799711 5 apply_bet 0.23
1447799711 1 get_pdf 0.49
1447799711 11 get_pdf 0.37
1447799711 14 get_pdf 0.32
1447799711 10 get_pdf 0.35
1447799711 5 get_pdf 0.44
1447799713 13 update_coef 3.24
1447799714 13 apply_bet 0.12
1447799714 13 get_pdf 0.18
1447799715 7 add_outcome 0.22
1447799715 9 add_outcome 0.22
1447799716 4 add_outcome 0.18
1447799716 9 apply_bet 0.22
1447799716 7 apply_bet 0.19
1447799716 15 add_outcome 0.21
1447799716 7 get_pdf 0.26
1447799716 9 get_pdf 0.31
1447799716 4 apply_bet 0.15
1447799716 8 add_outcome 0.17
1447799716 12 add_outcome 0.16
1447799716 6 add_outcome 0.15
1447799716 3 add_outcome 0.18
1447799716 2 add_outcome 0.13
1447799716 15 apply_bet 0.16
1447799716 1 add_outcome 0.13
1447799716 4 get_pdf 0.24
1447799716 11 add_outcome 0.16
1447799716 15 get_pdf 0.21
1447799716 14 add_outcome 0.17
1447799716 10 add_outcome 0.19
1447799716 6 apply_bet 0.15
1447799716 12 apply_bet 0.16
1447799716 8 apply_bet 0.15
1447799716 3 apply_bet 0.15
1447799716 2 apply_bet 0.16
1447799717 1 apply_bet 0.16
1447799717 8 get_pdf 0.20
1447799717 5 add_outcome 0.18
1447799717 6 get_pdf 0.24
1447799717 11 apply_bet 0.15
1447799717 12 get_pdf 0.26
1447799717 2 get_pdf 0.20
1447799717 3 get_pdf 0.25
1447799717 10 apply_bet 0.14
1447799717 14 apply_bet 0.16
1447799717 1 get_pdf 0.21
1447799717 11 get_pdf 0.20
1447799717 10 get_pdf 0.23
1447799717 5 apply_bet 0.15
1447799717 14 get_pdf 0.24
1447799717 5 get_pdf 0.23
1447799719 13 add_outcome 0.19
1447799720 13 apply_bet 0.20
1447799720 13 get_pdf 0.32
1447799721 9 add_outcome 0.22
1447799721 7 add_outcome 0.22
1447799721 4 add_outcome 0.21
1447799721 15 add_outcome 0.20
1447799722 7 apply_bet 0.21
1447799722 9 apply_bet 0.21
1447799722 8 add_outcome 0.23
1447799722 6 add_outcome 0.23
1447799722 12 add_outcome 0.24
1447799722 3 add_outcome 0.24
1447799722 2 add_outcome 0.26
1447799722 1 add_outcome 0.25
1447799722 4 apply_bet 0.27
1447799722 7 get_pdf 0.41
1447799722 15 apply_bet 0.27
1447799722 11 add_outcome 0.34
1447799722 9 get_pdf 0.51
1447799722 10 add_outcome 0.28
1447799722 14 add_outcome 0.32
1447799722 5 add_outcome 0.24
1447799722 4 get_pdf 0.47
1447799723 8 apply_bet 0.27
1447799723 15 get_pdf 0.50
1447799723 12 apply_bet 0.36
1447799723 2 apply_bet 0.27
1447799723 3 apply_bet 0.29
1447799723 6 apply_bet 0.39
1447799723 1 apply_bet 0.29
1447799723 8 get_pdf 0.41
1447799723 10 apply_bet 0.28
1447799723 11 apply_bet 0.29
1447799723 14 apply_bet 0.29
1447799723 12 get_pdf 0.39
1447799723 2 get_pdf 0.42
1447799723 3 get_pdf 0.43
1447799723 5 apply_bet 0.28
1447799723 1 get_pdf 0.33
1447799723 6 get_pdf 0.46
1447799723 11 get_pdf 0.32
1447799723 14 get_pdf 0.36
1447799723 10 get_pdf 0.40
1447799723 5 get_pdf 0.38
1447799725 13 add_outcome 0.19
1447799726 13 apply_bet 0.20
1447799726 13 get_pdf 0.32
1447799727 7 add_outcome 0.23
1447799727 9 add_outcome 0.20
1447799728 4 add_outcome 0.21
1447799728 7 apply_bet 0.22
1447799728 15 add_outcome 0.23
1447799728 9 apply_bet 0.24
1447799728 7 get_pdf 0.34
1447799728 8 add_outcome 0.20
1447799728 12 add_outcome 0.22
1447799728 2 add_outcome 0.24
1447799728 4 apply_bet 0.28
1447799728 9 get_pdf 0.41
1447799728 1 add_outcome 0.24
1447799728 6 add_outcome 0.24
1447799728 3 add_outcome 0.28
1447799728 15 apply_bet 0.29
1447799729 11 add_outcome 0.30
1447799729 14 add_outcome 0.26
1447799729 10 add_outcome 0.32
1447799729 5 add_outcome 0.29
1447799729 4 get_pdf 0.47
1447799729 8 apply_bet 0.32
1447799729 15 get_pdf 0.48
1447799729 2 apply_bet 0.29
1447799729 12 apply_bet 0.33
1447799729 3 apply_bet 0.26
1447799729 1 apply_bet 0.28
1447799729 6 apply_bet 0.28
1447799729 11 apply_bet 0.26
1447799729 14 apply_bet 0.28
1447799729 10 apply_bet 0.26
1447799729 8 get_pdf 0.52
1447799729 5 apply_bet 0.29
1447799730 2 get_pdf 0.48
1447799730 3 get_pdf 0.45
1447799730 12 get_pdf 0.50
1447799730 1 get_pdf 0.43
1447799730 6 get_pdf 0.42
1447799730 11 get_pdf 0.36
1447799730 14 get_pdf 0.38
1447799730 10 get_pdf 0.39
1447799730 5 get_pdf 0.36
1447799731 13 add_outcome 0.19
1447799731 13 apply_bet 0.12
1447799732 13 get_pdf 0.18
1447799733 7 add_outcome 0.19
1447799734 9 add_outcome 0.19
1447799734 7 apply_bet 0.21
1447799734 4 add_outcome 0.20
1447799734 9 apply_bet 0.23
1447799734 15 add_outcome 0.21
1447799734 7 get_pdf 0.34
1447799734 9 get_pdf 0.34
1447799735 4 apply_bet 0.21
1447799735 8 add_outcome 0.21
1447799735 2 add_outcome 0.22
1447799735 3 add_outcome 0.22
1447799735 15 apply_bet 0.28
1447799735 1 add_outcome 0.23
1447799735 12 add_outcome 0.26
1447799735 6 add_outcome 0.27
1447799735 11 add_outcome 0.23
1447799735 14 add_outcome 0.23
1447799735 4 get_pdf 0.40
1447799735 10 add_outcome 0.28
1447799735 5 add_outcome 0.32
1447799735 15 get_pdf 0.49
1447799735 8 apply_bet 0.33
1447799735 3 apply_bet 0.28
1447799736 2 apply_bet 0.29
1447799736 12 apply_bet 0.29
1447799736 1 apply_bet 0.29
1447799736 6 apply_bet 0.27
1447799736 11 apply_bet 0.32
1447799736 14 apply_bet 0.30
1447799736 10 apply_bet 0.29
1447799736 5 apply_bet 0.32
1447799736 3 get_pdf 0.47
1447799736 8 get_pdf 0.54
1447799736 2 get_pdf 0.47
1447799736 12 get_pdf 0.47
1447799736 1 get_pdf 0.49
1447799736 6 get_pdf 0.46
1447799736 14 get_pdf 0.40
1447799736 11 get_pdf 0.44
1447799736 10 get_pdf 0.39
1447799736 5 get_pdf 0.33
1447799737 13 add_outcome 0.19
1447799737 13 apply_bet 0.21
1447799738 13 get_pdf 0.31
1447799739 7 add_outcome 0.21
1447799740 9 add_outcome 0.19
1447799740 7 apply_bet 0.21
1447799740 4 add_outcome 0.21
1447799740 9 apply_bet 0.23
1447799740 7 get_pdf 0.34
1447799740 15 add_outcome 0.19
1447799740 9 get_pdf 0.31
1447799741 4 apply_bet 0.21
1447799741 4 get_pdf 0.31
1447799741 15 apply_bet 0.23
1447799741 3 add_outcome 0.21
1447799741 8 add_outcome 0.23
1447799741 12 add_outcome 0.20
1447799741 2 add_outcome 0.22
1447799741 1 add_outcome 0.23
1447799741 14 add_outcome 0.22
1447799741 6 add_outcome 0.25
1447799741 11 add_outcome 0.23
1447799741 10 add_outcome 0.25
1447799741 15 get_pdf 0.45
1447799742 5 add_outcome 0.29
1447799742 3 apply_bet 0.30
1447799742 12 apply_bet 0.31
1447799742 8 apply_bet 0.28
1447799742 2 apply_bet 0.27
1447799742 1 apply_bet 0.26
1447799742 14 apply_bet 0.26
1447799742 6 apply_bet 0.27
1447799742 11 apply_bet 0.28
1447799742 10 apply_bet 0.28
1447799742 5 apply_bet 0.29
1447799742 3 get_pdf 0.39
1447799742 12 get_pdf 0.43
1447799742 6 get_pdf 0.37
1447799742 2 get_pdf 0.45
1447799742 8 get_pdf 0.47
1447799742 14 get_pdf 0.42
1447799742 1 get_pdf 0.44
1447799742 11 get_pdf 0.43
1447799742 10 get_pdf 0.42
1447799743 5 get_pdf 0.36
1447799743 13 add_outcome 0.41
1447799744 13 apply_bet 0.20
1447799744 13 get_pdf 0.34
1447799746 7 add_outcome 0.20
1447799746 9 add_outcome 0.21
1447799746 7 apply_bet 0.23
1447799746 4 add_outcome 0.20
1447799746 9 apply_bet 0.23
1447799746 7 get_pdf 0.33
1447799747 9 get_pdf 0.32
1447799747 15 add_outcome 0.19
1447799747 4 apply_bet 0.21
1447799747 4 get_pdf 0.32
1447799747 15 apply_bet 0.21
1447799747 3 add_outcome 0.20
1447799748 15 get_pdf 0.35
1447799748 12 add_outcome 0.20
1447799748 6 add_outcome 0.23
1447799748 2 add_outcome 0.24
1447799748 8 add_outcome 0.23
1447799748 14 add_outcome 0.25
1447799748 1 add_outcome 0.25
1447799748 11 add_outcome 0.24
1447799748 10 add_outcome 0.23
1447799748 5 add_outcome 0.23
1447799748 3 apply_bet 0.34
1447799748 12 apply_bet 0.26
1447799748 8 apply_bet 0.31
1447799748 6 apply_bet 0.29
1447799748 1 apply_bet 0.29
1447799748 2 apply_bet 0.28
1447799748 14 apply_bet 0.29
1447799748 11 apply_bet 0.29
1447799749 10 apply_bet 0.35
1447799749 5 apply_bet 0.30
1447799749 12 get_pdf 0.43
1447799749 3 get_pdf 0.47
1447799749 8 get_pdf 0.41
1447799749 6 get_pdf 0.45
1447799749 1 get_pdf 0.45
1447799749 11 get_pdf 0.40
1447799749 2 get_pdf 0.45
1447799749 14 get_pdf 0.47
1447799749 10 get_pdf 0.41
1447799749 5 get_pdf 0.39
1447799749 13 add_outcome 0.19
1447799750 13 apply_bet 0.21
1447799750 13 get_pdf 0.33
1447799752 7 add_outcome 0.21
1447799752 9 add_outcome 0.19
1447799752 4 add_outcome 0.21
1447799753 15 add_outcome 0.19
1447799754 12 add_outcome 0.25
1447799754 3 add_outcome 0.21
1447799754 8 add_outcome 0.22
1447799754 11 add_outcome 0.23
1447799754 1 add_outcome 0.25
1447799754 6 add_outcome 0.25
1447799754 2 add_outcome 0.25
1447799754 14 add_outcome 0.23
1447799754 10 add_outcome 0.25
1447799754 5 add_outcome 0.24
1447799755 7 update_coef 3.07
1447799755 9 update_coef 3.07
1447799755 13 add_outcome 0.20
1447799755 4 update_coef 3.07
1447799757 12 update_coef 3.37
1447799757 8 update_coef 3.40
1447799757 3 update_coef 3.43
1447799757 1 update_coef 3.34
1447799757 6 update_coef 3.37
1447799757 11 update_coef 3.40
1447799757 2 update_coef 3.39
1447799758 14 update_coef 3.40
1447799758 13 update_coef 2.28
1447799758 10 update_coef 3.35
1447799758 5 update_coef 3.32
1447799758 4 update_coef 2.29
1447799758 12 apply_bet 0.34
1447799758 7 update_coef 3.29
1447799758 15 update_coef 5.30
1447799758 8 apply_bet 0.32
1447799758 3 apply_bet 0.42
1447799758 1 apply_bet 0.28
1447799758 9 update_coef 3.29
1447799758 6 apply_bet 0.29
1447799758 11 apply_bet 0.32
1447799758 13 apply_bet 0.28
1447799758 2 apply_bet 0.35
1447799758 14 apply_bet 0.28
1447799758 10 apply_bet 0.34
1447799758 5 apply_bet 0.35
1447799758 12 get_pdf 0.44
1447799758 4 apply_bet 0.32
1447799758 8 get_pdf 0.38
1447799759 3 get_pdf 0.45
1447799759 1 get_pdf 0.57
1447799759 6 get_pdf 0.64
1447799759 11 get_pdf 0.60
1447799759 13 get_pdf 0.58
1447799759 2 get_pdf 0.62
1447799759 7 apply_bet 0.40
1447799759 4 get_pdf 0.43
1447799759 15 apply_bet 0.38
1447799759 14 get_pdf 0.64
1447799759 5 get_pdf 0.58
1447799759 10 get_pdf 0.60
1447799759 9 apply_bet 0.35
1447799759 7 get_pdf 0.35
1447799759 15 get_pdf 0.34
1447799759 9 get_pdf 0.32
1447799764 12 add_outcome 0.20
1447799764 8 add_outcome 0.21
1447799764 3 add_outcome 0.23
1447799764 1 add_outcome 0.23
1447799764 11 add_outcome 0.24
1447799764 6 add_outcome 0.30
1447799764 2 add_outcome 0.25
1447799764 13 add_outcome 0.30
1447799764 4 add_outcome 0.28
1447799764 14 add_outcome 0.27
1447799764 5 add_outcome 0.24
1447799764 10 add_outcome 0.26
1447799764 12 apply_bet 0.34
1447799764 8 apply_bet 0.27
1447799765 7 add_outcome 0.41
1447799765 15 add_outcome 0.43
1447799765 9 add_outcome 0.36
1447799765 3 apply_bet 0.44
1447799765 1 apply_bet 0.36
1447799765 11 apply_bet 0.36
1447799765 6 apply_bet 0.35
1447799765 13 apply_bet 0.34
1447799765 12 get_pdf 0.55
1447799765 2 apply_bet 0.35
1447799765 4 apply_bet 0.36
1447799765 8 get_pdf 0.57
1447799765 5 apply_bet 0.32
1447799765 14 apply_bet 0.32
1447799765 3 get_pdf 0.59
1447799765 1 get_pdf 0.57
1447799765 6 get_pdf 0.50
1447799765 2 get_pdf 0.43
1447799765 13 get_pdf 0.46
1447799765 11 get_pdf 0.58
1447799765 7 apply_bet 0.37
1447799765 4 get_pdf 0.51
1447799765 15 apply_bet 0.28
1447799765 14 get_pdf 0.47
1447799765 5 get_pdf 0.49
1447799766 9 apply_bet 0.37
1447799766 7 get_pdf 0.33
1447799766 15 get_pdf 0.39
1447799766 9 get_pdf 0.32
1447799767 10 update_coef 3.22
1447799768 10 apply_bet 0.30
1447799769 10 get_pdf 0.52
1447799770 12 add_outcome 0.22
1447799770 8 add_outcome 0.25
1447799770 3 add_outcome 0.23
1447799771 6 add_outcome 0.24
1447799771 13 add_outcome 0.24
1447799771 11 add_outcome 0.23
1447799771 2 add_outcome 0.25
1447799771 1 add_outcome 0.27
1447799771 4 add_outcome 0.24
1447799771 14 add_outcome 0.24
1447799771 5 add_outcome 0.24
1447799771 12 apply_bet 0.32
1447799771 8 apply_bet 0.28
1447799771 7 add_outcome 0.32
1447799771 15 add_outcome 0.35
1447799771 12 get_pdf 0.48
1447799771 9 add_outcome 0.40
1447799771 11 apply_bet 0.28
1447799771 3 apply_bet 0.35
1447799771 6 apply_bet 0.27
1447799771 13 apply_bet 0.30
1447799771 8 get_pdf 0.52
1447799771 1 apply_bet 0.28
1447799771 2 apply_bet 0.30
1447799771 4 apply_bet 0.30
1447799771 14 apply_bet 0.42
1447799771 5 apply_bet 0.40
1447799772 3 get_pdf 0.41
1447799772 11 get_pdf 0.43
1447799772 6 get_pdf 0.44
1447799772 7 apply_bet 0.26
1447799772 13 get_pdf 0.48
1447799772 1 get_pdf 0.48
1447799772 2 get_pdf 0.48
1447799772 4 get_pdf 0.46
1447799772 5 get_pdf 0.38
1447799772 9 apply_bet 0.26
1447799772 15 apply_bet 0.27
1447799772 14 get_pdf 0.44
1447799772 7 get_pdf 0.33
1447799772 15 get_pdf 0.32
1447799772 9 get_pdf 0.33
1447799774 10 add_outcome 0.21
1447799774 10 apply_bet 0.23
1447799775 10 get_pdf 0.33
1447799776 12 add_outcome 0.20
1447799776 8 add_outcome 0.20
1447799777 11 add_outcome 0.24
1447799777 3 add_outcome 0.24
1447799777 6 add_outcome 0.22
1447799777 13 add_outcome 0.22
1447799777 12 apply_bet 0.28
1447799777 1 add_outcome 0.23
1447799777 8 apply_bet 0.26
1447799777 2 add_outcome 0.25
1447799777 4 add_outcome 0.26
1447799777 5 add_outcome 0.25
1447799777 14 add_outcome 0.28
1447799777 7 add_outcome 0.33
1447799777 12 get_pdf 0.49
1447799778 8 get_pdf 0.48
1447799778 9 add_outcome 0.34
1447799778 15 add_outcome 0.37
1447799778 3 apply_bet 0.35
1447799778 11 apply_bet 0.37
1447799778 13 apply_bet 0.38
1447799778 6 apply_bet 0.37
1447799778 1 apply_bet 0.35
1447799778 2 apply_bet 0.38
1447799778 5 apply_bet 0.29
1447799778 4 apply_bet 0.31
1447799778 14 apply_bet 0.32
1447799778 3 get_pdf 0.42
1447799778 13 get_pdf 0.40
1447799778 11 get_pdf 0.49
1447799778 6 get_pdf 0.42
1447799778 7 apply_bet 0.33
1447799778 9 apply_bet 0.30
1447799778 1 get_pdf 0.53
1447799778 2 get_pdf 0.43
1447799778 5 get_pdf 0.44
1447799778 4 get_pdf 0.46
1447799778 15 apply_bet 0.33
1447799778 14 get_pdf 0.37
1447799779 7 get_pdf 0.35
1447799779 9 get_pdf 0.35
1447799779 15 get_pdf 0.32
1447799780 10 add_outcome 0.20
1447799780 10 apply_bet 0.23
1447799781 10 get_pdf 0.33
1447799783 12 add_outcome 0.19
1447799783 8 add_outcome 0.21
1447799783 12 apply_bet 0.23
1447799783 8 apply_bet 0.24
1447799783 3 add_outcome 0.20
1447799783 13 add_outcome 0.21
1447799783 6 add_outcome 0.21
1447799783 11 add_outcome 0.21
1447799784 1 add_outcome 0.24
1447799784 2 add_outcome 0.24
1447799784 5 add_outcome 0.26
1447799784 12 get_pdf 0.36
1447799784 4 add_outcome 0.29
1447799784 14 add_outcome 0.26
1447799784 8 get_pdf 0.44
1447799784 7 add_outcome 0.30
1447799784 9 add_outcome 0.25
1447799784 15 add_outcome 0.26
1447799784 3 apply_bet 0.31
1447799784 13 apply_bet 0.31
1447799784 6 apply_bet 0.29
1447799784 11 apply_bet 0.31
1447799784 2 apply_bet 0.30
1447799784 1 apply_bet 0.33
1447799784 14 apply_bet 0.33
1447799784 4 apply_bet 0.33
1447799784 3 get_pdf 0.43
1447799785 13 get_pdf 0.48
1447799785 11 get_pdf 0.48
1447799785 7 apply_bet 0.30
1447799785 6 get_pdf 0.51
1447799785 9 apply_bet 0.31
1447799785 15 apply_bet 0.27
1447799785 2 get_pdf 0.44
1447799785 1 get_pdf 0.42
1447799785 14 get_pdf 0.38
1447799785 4 get_pdf 0.43
1447799785 7 get_pdf 0.32
1447799785 9 get_pdf 0.42
1447799785 15 get_pdf 0.35
1447799786 10 add_outcome 0.19
1447799786 10 apply_bet 0.21
1447799787 5 update_coef 3.08
1447799787 10 get_pdf 0.32
1447799787 5 apply_bet 0.22
1447799787 5 get_pdf 0.31
1447799789 12 add_outcome 0.22
1447799789 8 add_outcome 0.20
1447799789 12 apply_bet 0.25
1447799789 8 apply_bet 0.26
1447799790 12 get_pdf 0.37
1447799790 3 add_outcome 0.25
1447799790 13 add_outcome 0.22
1447799790 8 get_pdf 0.32
1447799790 11 add_outcome 0.23
1447799790 6 add_outcome 0.24
1447799790 2 add_outcome 0.25
1447799790 1 add_outcome 0.25
1447799790 14 add_outcome 0.22
1447799790 4 add_outcome 0.24
1447799790 7 add_outcome 0.26
1447799790 9 add_outcome 0.27
1447799790 15 add_outcome 0.27
1447799790 3 apply_bet 0.27
1447799790 11 apply_bet 0.31
1447799790 13 apply_bet 0.31
1447799791 6 apply_bet 0.38
1447799791 2 apply_bet 0.30
1447799791 1 apply_bet 0.32
1447799791 14 apply_bet 0.34
1447799791 3 get_pdf 0.44
1447799791 13 get_pdf 0.40
1447799791 4 apply_bet 0.33
1447799791 7 apply_bet 0.31
1447799791 11 get_pdf 0.47
1447799791 15 apply_bet 0.29
1447799791 9 apply_bet 0.27
1447799791 6 get_pdf 0.49
1447799791 2 get_pdf 0.39
1447799791 1 get_pdf 0.38
1447799791 14 get_pdf 0.38
1447799791 7 get_pdf 0.36
1447799791 4 get_pdf 0.36
1447799791 15 get_pdf 0.32
1447799791 9 get_pdf 0.32
1447799792 10 add_outcome 0.20
1447799792 10 apply_bet 0.23
1447799793 5 add_outcome 0.19
1447799793 10 get_pdf 0.33
1447799793 5 apply_bet 0.22
1447799794 5 get_pdf 0.33
1447799795 12 add_outcome 0.20
1447799795 8 add_outcome 0.21
1447799795 12 apply_bet 0.25
1447799796 8 apply_bet 0.24
1447799796 12 get_pdf 0.34
1447799796 8 get_pdf 0.33
1447799796 3 add_outcome 0.19
1447799796 13 add_outcome 0.20
1447799796 11 add_outcome 0.20
1447799796 2 add_outcome 0.21
1447799796 6 add_outcome 0.25
1447799796 1 add_outcome 0.24
1447799796 14 add_outcome 0.23
1447799796 7 add_outcome 0.24
1447799796 4 add_outcome 0.24
1447799797 3 apply_bet 0.27
1447799797 15 add_outcome 0.25
1447799797 9 add_outcome 0.25
1447799797 13 apply_bet 0.34
1447799797 11 apply_bet 0.31
1447799797 2 apply_bet 0.31
1447799797 6 apply_bet 0.27
1447799797 3 get_pdf 0.47
1447799797 1 apply_bet 0.32
1447799797 14 apply_bet 0.31
1447799797 4 apply_bet 0.30
1447799797 13 get_pdf 0.48
1447799797 11 get_pdf 0.46
1447799797 7 apply_bet 0.39
1447799797 9 apply_bet 0.30
1447799797 15 apply_bet 0.30
1447799797 2 get_pdf 0.39
1447799797 14 get_pdf 0.37
1447799798 6 get_pdf 0.47
1447799798 1 get_pdf 0.43
1447799798 4 get_pdf 0.40
1447799798 7 get_pdf 0.38
1447799798 9 get_pdf 0.38
1447799798 15 get_pdf 0.35
1447799798 10 add_outcome 0.17
1447799798 10 apply_bet 0.24
1447799799 5 add_outcome 0.20
1447799799 10 get_pdf 0.31
1447799799 5 apply_bet 0.29
1447799800 5 get_pdf 0.32
1447799801 12 add_outcome 0.20
1447799801 8 add_outcome 0.20
1447799802 12 apply_bet 0.23
1447799802 8 apply_bet 0.24
1447799802 12 get_pdf 0.32
1447799802 8 get_pdf 0.31
1447799802 3 add_outcome 0.19
1447799802 13 add_outcome 0.19
1447799802 11 add_outcome 0.19
1447799803 2 add_outcome 0.20
1447799803 14 add_outcome 0.20
1447799803 6 add_outcome 0.22
1447799803 1 add_outcome 0.22
1447799803 4 add_outcome 0.24
1447799803 7 add_outcome 0.24
1447799803 3 apply_bet 0.31
1447799803 9 add_outcome 0.25
1447799803 15 add_outcome 0.25
1447799803 13 apply_bet 0.33
1447799803 11 apply_bet 0.31
1447799803 3 get_pdf 0.39
1447799803 2 apply_bet 0.39
1447799803 14 apply_bet 0.29
1447799803 6 apply_bet 0.30
1447799804 1 apply_bet 0.32
1447799804 4 apply_bet 0.33
1447799804 13 get_pdf 0.43
1447799804 11 get_pdf 0.46
1447799804 7 apply_bet 0.33
1447799804 15 apply_bet 0.30
1447799804 9 apply_bet 0.32
1447799804 2 get_pdf 0.46
1447799804 14 get_pdf 0.42
1447799804 6 get_pdf 0.42
1447799804 1 get_pdf 0.40
1447799804 10 add_outcome 0.22
1447799804 4 get_pdf 0.39
1447799804 7 get_pdf 0.40
1447799804 15 get_pdf 0.39
1447799804 9 get_pdf 0.37
1447799805 10 apply_bet 0.22
1447799805 5 add_outcome 0.20
1447799805 10 get_pdf 0.47
1447799805 5 apply_bet 0.23
1447799806 5 get_pdf 0.31
1447799807 12 add_outcome 0.21
1447799807 8 add_outcome 0.19
1447799808 12 apply_bet 0.24
1447799808 8 apply_bet 0.24
1447799808 12 get_pdf 0.33
1447799808 8 get_pdf 0.44
1447799809 3 add_outcome 0.23
1447799809 13 add_outcome 0.19
1447799809 11 add_outcome 0.22
1447799809 2 add_outcome 0.22
1447799809 14 add_outcome 0.22
1447799809 6 add_outcome 0.23
1447799809 3 apply_bet 0.29
1447799809 1 add_outcome 0.25
1447799809 4 add_outcome 0.23
1447799809 7 add_outcome 0.24
1447799809 9 add_outcome 0.23
1447799809 15 add_outcome 0.29
1447799810 13 apply_bet 0.36
1447799810 3 get_pdf 0.40
1447799810 11 apply_bet 0.30
1447799810 14 apply_bet 0.32
1447799810 2 apply_bet 0.32
1447799810 6 apply_bet 0.30
1447799810 1 apply_bet 0.35
1447799810 11 get_pdf 0.37
1447799810 4 apply_bet 0.30
1447799810 13 get_pdf 0.49
1447799810 9 apply_bet 0.29
1447799810 7 apply_bet 0.29
1447799810 2 get_pdf 0.36
1447799810 15 apply_bet 0.30
1447799810 14 get_pdf 0.39
1447799810 10 add_outcome 0.21
1447799810 6 get_pdf 0.43
1447799810 1 get_pdf 0.44
1447799810 9 get_pdf 0.38
1447799810 4 get_pdf 0.45
1447799810 7 get_pdf 0.36
1447799811 15 get_pdf 0.40
1447799811 10 apply_bet 0.23
1447799811 5 add_outcome 0.27
1447799811 10 get_pdf 0.35
1447799812 5 apply_bet 0.22
1447799812 5 get_pdf 0.31
1447799813 12 add_outcome 0.20
1447799813 8 add_outcome 0.22
1447799815 3 add_outcome 0.19
1447799815 11 add_outcome 0.20
1447799815 13 add_outcome 0.18
1447799815 2 add_outcome 0.20
1447799815 14 add_outcome 0.20
1447799816 6 add_outcome 0.22
1447799816 9 add_outcome 0.23
1447799816 7 add_outcome 0.21
1447799816 1 add_outcome 0.24
1447799816 4 add_outcome 0.25
1447799816 15 add_outcome 0.24
1447799816 10 add_outcome 0.18
1447799817 5 add_outcome 0.19
1447799817 10 apply_bet 0.25
1447799817 10 get_pdf 0.32
1447799817 12 update_coef 4.32
1447799817 13 update_coef 2.29
1447799818 11 update_coef 2.32
1447799818 5 apply_bet 0.23
1447799818 14 update_coef 2.32
1447799818 2 update_coef 2.37
1447799818 8 update_coef 4.28
1447799818 3 update_coef 3.07
1447799818 5 get_pdf 0.36
1447799818 6 update_coef 2.39
1447799818 9 update_coef 2.30
1447799818 4 update_coef 2.30
1447799818 7 update_coef 2.34
1447799818 1 update_coef 2.34
1447799818 13 apply_bet 0.28
1447799818 12 apply_bet 0.30
1447799818 15 update_coef 2.31
1447799818 11 apply_bet 0.32
1447799818 14 apply_bet 0.35
1447799818 2 apply_bet 0.35
1447799819 13 get_pdf 0.45
1447799819 12 get_pdf 0.46
1447799819 8 apply_bet 0.51
1447799819 3 apply_bet 0.51
1447799819 6 apply_bet 0.43
1447799819 9 apply_bet 0.35
1447799819 11 get_pdf 0.60
1447799819 7 apply_bet 0.34
1447799819 4 apply_bet 0.35
1447799819 1 apply_bet 0.38
1447799819 15 apply_bet 0.33
1447799819 14 get_pdf 0.51
1447799819 2 get_pdf 0.56
1447799819 8 get_pdf 0.45
1447799819 7 get_pdf 0.40
1447799819 3 get_pdf 0.46
1447799819 9 get_pdf 0.46
1447799819 4 get_pdf 0.43
1447799819 6 get_pdf 0.50
1447799819 1 get_pdf 0.41
1447799819 15 get_pdf 0.41
1447799823 10 add_outcome 0.19
1447799823 5 add_outcome 0.22
1447799823 10 apply_bet 0.26
1447799824 13 add_outcome 0.20
1447799824 10 get_pdf 0.33
1447799824 12 add_outcome 0.20
1447799824 11 add_outcome 0.19
1447799824 14 add_outcome 0.22
1447799824 2 add_outcome 0.22
1447799824 13 apply_bet 0.26
1447799824 8 add_outcome 0.26
1447799824 12 apply_bet 0.31
1447799824 7 add_outcome 0.26
1447799824 3 add_outcome 0.29
1447799824 9 add_outcome 0.27
1447799824 4 add_outcome 0.26
1447799824 6 add_outcome 0.24
1447799824 1 add_outcome 0.26
1447799825 15 add_outcome 0.38
1447799825 11 apply_bet 0.34
1447799825 13 get_pdf 0.51
1447799825 12 get_pdf 0.47
1447799825 14 apply_bet 0.32
1447799825 2 apply_bet 0.45
1447799825 7 apply_bet 0.30
1447799825 4 apply_bet 0.33
1447799825 3 apply_bet 0.31
1447799825 8 apply_bet 0.33
1447799825 11 get_pdf 0.51
1447799825 9 apply_bet 0.32
1447799825 6 apply_bet 0.30
1447799825 1 apply_bet 0.34
1447799825 15 apply_bet 0.34
1447799825 14 get_pdf 0.48
1447799826 2 get_pdf 0.44
1447799826 3 get_pdf 0.46
1447799826 7 get_pdf 0.49
1447799826 4 get_pdf 0.49
1447799826 8 get_pdf 0.48
1447799826 9 get_pdf 0.47
1447799826 6 get_pdf 0.40
1447799826 15 get_pdf 0.40
1447799826 1 get_pdf 0.41
1447799826 5 update_coef 3.08
1447799827 5 apply_bet 0.27
1447799827 5 get_pdf 0.31
1447799829 10 add_outcome 0.21
1447799829 10 apply_bet 0.26
1447799830 10 get_pdf 0.33
1447799830 13 add_outcome 0.19
1447799830 12 add_outcome 0.20
1447799830 11 add_outcome 0.25
1447799831 13 apply_bet 0.27
1447799831 12 apply_bet 0.24
1447799831 14 add_outcome 0.20
1447799831 2 add_outcome 0.24
1447799831 3 add_outcome 0.23
1447799831 7 add_outcome 0.25
1447799831 4 add_outcome 0.26
1447799831 8 add_outcome 0.26
1447799831 13 get_pdf 0.41
1447799831 9 add_outcome 0.27
1447799831 6 add_outcome 0.32
1447799831 1 add_outcome 0.25
1447799831 12 get_pdf 0.49
1447799831 15 add_outcome 0.32
1447799831 11 apply_bet 0.38
1447799831 14 apply_bet 0.33
1447799832 2 apply_bet 0.38
1447799832 3 apply_bet 0.33
1447799832 11 get_pdf 0.47
1447799832 4 apply_bet 0.32
1447799832 8 apply_bet 0.34
1447799832 7 apply_bet 0.33
1447799832 9 apply_bet 0.32
1447799832 6 apply_bet 0.39
1447799832 15 apply_bet 0.31
1447799832 14 get_pdf 0.50
1447799832 1 apply_bet 0.38
1447799832 7 get_pdf 0.36
1447799832 8 get_pdf 0.37
1447799832 4 get_pdf 0.38
1447799832 3 get_pdf 0.44
1447799832 2 get_pdf 0.47
1447799832 9 get_pdf 0.40
1447799832 6 get_pdf 0.41
1447799832 5 add_outcome 0.19
1447799832 15 get_pdf 0.40
1447799832 1 get_pdf 0.39
1447799833 5 apply_bet 0.21
1447799833 5 get_pdf 0.31
1447799835 10 add_outcome 0.18
1447799836 10 apply_bet 0.25
1447799836 10 get_pdf 0.33
1447799836 13 add_outcome 0.20
1447799836 12 add_outcome 0.20
1447799837 12 apply_bet 0.22
1447799837 13 apply_bet 0.35
1447799837 11 add_outcome 0.20
1447799837 14 add_outcome 0.21
1447799837 13 get_pdf 0.39
1447799837 4 add_outcome 0.23
1447799837 8 add_outcome 0.24
1447799837 7 add_outcome 0.24
1447799837 12 get_pdf 0.45
1447799837 3 add_outcome 0.26
1447799837 2 add_outcome 0.27
1447799837 9 add_outcome 0.28
1447799838 6 add_outcome 0.24
1447799838 11 apply_bet 0.31
1447799838 1 add_outcome 0.25
1447799838 15 add_outcome 0.26
1447799838 14 apply_bet 0.33
1447799838 11 get_pdf 0.41
1447799838 3 apply_bet 0.28
1447799838 8 apply_bet 0.32
1447799838 7 apply_bet 0.35
1447799838 4 apply_bet 0.35
1447799838 9 apply_bet 0.32
1447799838 6 apply_bet 0.32
1447799838 1 apply_bet 0.31
1447799838 5 add_outcome 0.24
1447799838 14 get_pdf 0.42
1447799838 15 apply_bet 0.33
1447799838 3 get_pdf 0.42
1447799839 4 get_pdf 0.39
1447799839 8 get_pdf 0.43
1447799839 7 get_pdf 0.49
1447799839 9 get_pdf 0.40
1447799839 1 get_pdf 0.40
1447799839 15 get_pdf 0.35
1447799839 6 get_pdf 0.42
1447799839 5 apply_bet 0.24
1447799839 5 get_pdf 0.32
1447799840 2 update_coef 3.10
1447799841 2 apply_bet 0.25
1447799841 10 add_outcome 0.21
1447799841 2 get_pdf 0.32
1447799842 10 apply_bet 0.24
1447799842 10 get_pdf 0.34
1447799842 13 add_outcome 0.18
1447799843 12 add_outcome 0.22
1447799843 13 apply_bet 0.23
1447799843 11 add_outcome 0.20
1447799843 12 apply_bet 0.23
1447799843 13 get_pdf 0.33
1447799843 14 add_outcome 0.19
1447799844 12 get_pdf 0.32
1447799844 3 add_outcome 0.21
1447799844 4 add_outcome 0.24
1447799844 8 add_outcome 0.24
1447799844 7 add_outcome 0.23
1447799844 9 add_outcome 0.24
1447799844 15 add_outcome 0.22
1447799844 1 add_outcome 0.22
1447799844 6 add_outcome 0.24
1447799844 14 apply_bet 0.32
1447799844 3 apply_bet 0.31
1447799844 4 apply_bet 0.33
1447799844 5 add_outcome 0.24
1447799844 8 apply_bet 0.32
1447799845 9 apply_bet 0.30
1447799845 1 apply_bet 0.33
1447799845 7 apply_bet 0.31
1447799845 14 get_pdf 0.43
1447799845 15 apply_bet 0.34
1447799845 6 apply_bet 0.31
1447799845 3 get_pdf 0.42
1447799845 8 get_pdf 0.42
1447799845 4 get_pdf 0.47
1447799845 1 get_pdf 0.39
1447799845 9 get_pdf 0.50
1447799845 6 get_pdf 0.39
1447799845 15 get_pdf 0.45
1447799845 5 apply_bet 0.33
1447799846 5 get_pdf 0.32
1447799846 7 get_pdf 1.32
1447799846 11 update_coef 3.07
1447799847 2 add_outcome 0.19
1447799847 11 apply_bet 0.25
1447799847 2 apply_bet 0.24
1447799847 11 get_pdf 0.32
1447799847 10 add_outcome 0.19
1447799847 2 get_pdf 0.33
1447799848 10 apply_bet 0.24
1447799848 10 get_pdf 0.32
1447799849 13 add_outcome 0.18
1447799849 12 add_outcome 0.19
1447799849 13 apply_bet 0.25
1447799849 12 apply_bet 0.25
1447799849 13 get_pdf 0.32
1447799850 12 get_pdf 0.32
1447799850 14 add_outcome 0.19
1447799850 3 add_outcome 0.21
1447799850 8 add_outcome 0.21
1447799850 4 add_outcome 0.21
1447799850 1 add_outcome 0.23
1447799850 9 add_outcome 0.22
1447799850 6 add_outcome 0.22
1447799850 15 add_outcome 0.23
1447799851 14 apply_bet 0.29
1447799851 5 add_outcome 0.22
1447799851 4 apply_bet 0.30
1447799851 8 apply_bet 0.33
1447799851 3 apply_bet 0.31
1447799851 1 apply_bet 0.31
1447799851 14 get_pdf 0.46
1447799851 6 apply_bet 0.32
1447799851 9 apply_bet 0.37
1447799851 15 apply_bet 0.33
1447799851 7 add_outcome 0.23
1447799851 8 get_pdf 0.38
1447799851 4 get_pdf 0.43
1447799851 3 get_pdf 0.41
1447799851 1 get_pdf 0.48
1447799851 9 get_pdf 0.34
1447799851 15 get_pdf 0.35
1447799851 5 apply_bet 0.30
1447799852 6 get_pdf 0.49
1447799852 7 apply_bet 0.24
1447799852 5 get_pdf 0.32
1447799852 7 get_pdf 0.30
1447799852 11 add_outcome 0.18
1447799853 2 add_outcome 0.20
1447799853 11 apply_bet 0.26
1447799853 11 get_pdf 0.33
1447799853 10 add_outcome 0.19
1447799853 2 apply_bet 0.27
1447799854 2 get_pdf 0.32
1447799854 10 apply_bet 0.45
1447799854 10 get_pdf 0.32
1447799855 13 add_outcome 0.20
1447799855 12 add_outcome 0.20
1447799855 13 apply_bet 0.25
1447799855 12 apply_bet 0.24
1447799855 13 get_pdf 0.32
1447799856 12 get_pdf 0.32
1447799856 14 add_outcome 0.19
1447799856 4 add_outcome 0.20
1447799856 8 add_outcome 0.22
1447799856 3 add_outcome 0.24
1447799857 1 add_outcome 0.24
1447799857 9 add_outcome 0.24
1447799857 15 add_outcome 0.24
1447799857 6 add_outcome 0.23
1447799857 14 apply_bet 0.30
1447799857 5 add_outcome 0.22
1447799857 8 apply_bet 0.36
1447799857 4 apply_bet 0.33
1447799857 14 get_pdf 0.39
1447799857 7 add_outcome 0.23
1447799857 3 apply_bet 0.37
1447799857 1 apply_bet 0.31
1447799857 9 apply_bet 0.32
1447799858 6 apply_bet 0.34
1447799858 15 apply_bet 0.35
1447799858 4 get_pdf 0.44
1447799858 8 get_pdf 0.49
1447799858 3 get_pdf 0.38
1447799858 5 apply_bet 0.28
1447799858 9 get_pdf 0.36
1447799858 1 get_pdf 0.40
1447799858 15 get_pdf 0.34
1447799858 6 get_pdf 0.35
1447799858 7 apply_bet 0.24
1447799858 5 get_pdf 0.32
1447799858 7 get_pdf 0.31
1447799858 11 add_outcome 0.19
1447799859 2 add_outcome 0.19
1447799859 11 apply_bet 0.24
1447799859 11 get_pdf 0.32
1447799859 2 apply_bet 0.24
1447799859 10 add_outcome 0.20
1447799860 2 get_pdf 0.33
1447799860 10 apply_bet 0.26
1447799860 10 get_pdf 0.31
1447799861 13 add_outcome 0.18
1447799861 12 add_outcome 0.23
1447799861 13 apply_bet 0.26
1447799862 12 apply_bet 0.24
1447799862 13 get_pdf 0.33
1447799862 12 get_pdf 0.32
1447799862 14 add_outcome 0.20
1447799863 4 add_outcome 0.19
1447799863 8 add_outcome 0.21
1447799863 3 add_outcome 0.22
1447799863 9 add_outcome 0.19
1447799863 1 add_outcome 0.22
1447799863 14 apply_bet 0.32
1447799863 15 add_outcome 0.23
1447799863 6 add_outcome 0.23
1447799863 5 add_outcome 0.27
1447799863 7 add_outcome 0.26
1447799863 4 apply_bet 0.32
1447799864 14 get_pdf 0.49
1447799864 8 apply_bet 0.35
1447799864 9 apply_bet 0.33
1447799864 3 apply_bet 0.31
1447799864 1 apply_bet 0.35
1447799864 15 apply_bet 0.29
1447799864 6 apply_bet 0.31
1447799864 4 get_pdf 0.40
1447799864 9 get_pdf 0.38
1447799864 3 get_pdf 0.39
1447799864 5 apply_bet 0.36
1447799864 7 apply_bet 0.28
1447799864 15 get_pdf 0.37
1447799864 6 get_pdf 0.37
1447799864 1 get_pdf 0.43
1447799864 5 get_pdf 0.32
1447799864 11 add_outcome 0.18
1447799864 7 get_pdf 0.32
1447799865 11 apply_bet 0.25
1447799865 2 add_outcome 0.20
1447799865 11 get_pdf 0.31
1447799866 10 add_outcome 0.18
1447799866 2 apply_bet 0.25
1447799866 2 get_pdf 0.32
1447799866 10 apply_bet 0.25
1447799866 10 get_pdf 0.33
1447799867 13 add_outcome 0.21
1447799867 12 add_outcome 0.22
1447799867 13 apply_bet 0.24
1447799868 12 apply_bet 0.25
1447799868 13 get_pdf 0.32
1447799868 12 get_pdf 0.32
1447799869 14 add_outcome 0.19
1447799869 8 get_pdf 5.33
1447799869 4 add_outcome 0.18
1447799869 9 add_outcome 0.19
1447799869 3 add_outcome 0.20
1447799869 14 apply_bet 0.26
1447799869 15 add_outcome 0.23
1447799869 1 add_outcome 0.21
1447799869 6 add_outcome 0.21
1447799870 5 add_outcome 0.23
1447799870 7 add_outcome 0.24
1447799870 14 get_pdf 0.41
1447799870 4 apply_bet 0.31
1447799870 3 apply_bet 0.30
1447799870 9 apply_bet 0.34
1447799870 15 apply_bet 0.27
1447799870 6 apply_bet 0.34
1447799870 1 apply_bet 0.33
1447799870 4 get_pdf 0.42
1447799870 3 get_pdf 0.37
1447799870 9 get_pdf 0.43
1447799870 15 get_pdf 0.36
1447799870 5 apply_bet 0.32
1447799870 1 get_pdf 0.32
1447799870 7 apply_bet 0.31
1447799871 6 get_pdf 0.38
1447799871 11 add_outcome 0.23
1447799871 5 get_pdf 0.34
1447799871 7 get_pdf 0.48
1447799871 2 add_outcome 0.18
1447799871 11 apply_bet 0.25
1447799872 11 get_pdf 0.33
1447799872 2 apply_bet 0.26
1447799872 10 add_outcome 0.19
1447799872 2 get_pdf 0.31
1447799872 10 apply_bet 0.26
1447799872 10 get_pdf 0.31
1447799873 13 add_outcome 0.19
1447799873 12 add_outcome 0.41
1447799874 8 add_outcome 0.19
1447799875 14 add_outcome 0.19
1447799875 4 add_outcome 0.20
1447799875 3 add_outcome 0.21
1447799876 9 add_outcome 0.20
1447799876 15 add_outcome 0.20
1447799876 1 add_outcome 0.22
1447799876 6 add_outcome 0.22
1447799876 13 update_coef 3.06
1447799876 5 add_outcome 0.21
1447799876 7 add_outcome 0.20
1447799877 11 add_outcome 0.19
1447799877 2 add_outcome 0.19
1447799877 14 update_coef 2.29
1447799877 8 update_coef 3.30
1447799878 10 add_outcome 0.18
1447799878 12 update_coef 4.30
1447799878 4 update_coef 2.31
1447799878 3 update_coef 2.34
1447799878 9 update_coef 2.31
1447799878 15 update_coef 2.37
1447799878 1 update_coef 2.31
1447799878 6 update_coef 2.35
1447799879 5 update_coef 3.06
1447799879 13 update_coef 3.08
1447799879 7 update_coef 3.07
1447799880 11 update_coef 3.06
1447799880 2 update_coef 3.06
1447799907 1 update_coef 29.31
1447799907 15 update_coef 29.35
1447799907 5 update_coef 28.32
1447799907 13 update_coef 28.32
1447799907 6 update_coef 29.32
1447799907 2 update_coef 27.31
1447799908 7 update_coef 28.29
1447799908 14 update_coef 30.33
1447799908 8 update_coef 30.34
1447799908 1 apply_bet 0.34
1447799908 12 update_coef 30.33
1447799908 15 apply_bet 0.27
1447799908 6 apply_bet 0.25
1447799908 13 apply_bet 0.24
1447799908 5 apply_bet 0.30
1447799908 10 update_coef 30.43
1447799908 3 update_coef 30.33
1447799908 11 update_coef 28.33
1447799908 4 update_coef 30.43
1447799908 2 apply_bet 0.25
1447799908 14 apply_bet 0.26
1447799908 9 update_coef 30.33
1447799908 7 apply_bet 0.28
1447799908 8 apply_bet 0.32
1447799908 13 get_pdf 0.42
1447799908 6 get_pdf 0.44
1447799908 1 get_pdf 0.47
1447799909 15 get_pdf 0.49
1447799909 5 get_pdf 0.47
1447799909 12 apply_bet 0.28
1447799909 10 apply_bet 0.28
1447799909 3 apply_bet 0.26
1447799909 11 apply_bet 0.28
1447799909 4 apply_bet 0.27
1447799909 2 get_pdf 0.72
1447799909 8 get_pdf 0.42
1447799909 14 get_pdf 0.72
1447799909 7 get_pdf 0.63
1447799909 9 apply_bet 0.22
1447799909 10 get_pdf 0.38
1447799909 11 get_pdf 0.32
1447799909 12 get_pdf 0.43
1447799909 3 get_pdf 0.41
1447799909 4 get_pdf 0.38
1447799909 9 get_pdf 0.37
1447799914 13 add_outcome 0.21
1447799914 1 add_outcome 0.21
1447799914 6 add_outcome 0.21
1447799914 15 add_outcome 0.21
1447799914 5 add_outcome 0.22
1447799914 2 add_outcome 0.23
1447799914 14 add_outcome 0.22
1447799914 8 add_outcome 0.24
1447799914 7 add_outcome 0.22
1447799914 6 apply_bet 0.28
1447799914 15 apply_bet 0.27
1447799914 13 apply_bet 0.28
1447799914 1 apply_bet 0.30
1447799914 10 add_outcome 0.27
1447799914 11 add_outcome 0.34
1447799915 12 add_outcome 0.35
1447799915 5 apply_bet 0.39
1447799915 4 add_outcome 0.35
1447799915 3 add_outcome 0.37
1447799915 15 get_pdf 0.54
1447799915 6 get_pdf 0.55
1447799915 2 apply_bet 0.35
1447799915 14 apply_bet 0.36
1447799915 13 get_pdf 0.57
1447799915 8 apply_bet 0.38
1447799915 1 get_pdf 0.53
1447799915 9 add_outcome 0.56
1447799915 7 apply_bet 0.52
1447799915 5 get_pdf 0.61
1447799915 10 apply_bet 0.29
1447799915 11 apply_bet 0.30
1447799915 14 get_pdf 0.37
1447799915 2 get_pdf 0.40
1447799915 12 apply_bet 0.26
1447799915 8 get_pdf 0.51
1447799916 3 apply_bet 0.24
1447799916 4 apply_bet 0.26
1447799916 7 get_pdf 0.47
1447799916 11 get_pdf 0.35
1447799916 10 get_pdf 0.42
1447799916 9 apply_bet 0.27
1447799916 12 get_pdf 0.48
1447799916 3 get_pdf 0.34
1447799916 4 get_pdf 0.38
1447799916 9 get_pdf 0.31
1447799920 15 add_outcome 0.20
1447799920 6 add_outcome 0.20
1447799920 13 add_outcome 0.21
1447799920 1 add_outcome 0.20
1447799920 5 add_outcome 0.23
1447799920 2 add_outcome 0.22
1447799920 14 add_outcome 0.25
1447799921 15 apply_bet 0.23
1447799921 8 add_outcome 0.24
1447799921 6 apply_bet 0.25
1447799921 13 apply_bet 0.25
1447799921 1 apply_bet 0.27
1447799921 11 add_outcome 0.25
1447799921 7 add_outcome 0.25
1447799921 10 add_outcome 0.25
1447799921 12 add_outcome 0.25
1447799921 15 get_pdf 0.43
1447799921 5 apply_bet 0.30
1447799921 13 get_pdf 0.48
1447799921 6 get_pdf 0.54
1447799921 1 get_pdf 0.45
1447799921 3 add_outcome 0.33
1447799921 2 apply_bet 0.35
1447799921 14 apply_bet 0.35
1447799921 4 add_outcome 0.38
1447799921 9 add_outcome 0.33
1447799921 8 apply_bet 0.35
1447799922 11 apply_bet 0.29
1447799922 7 apply_bet 0.28
1447799922 10 apply_bet 0.29
1447799922 5 get_pdf 0.55
1447799922 2 get_pdf 0.44
1447799922 14 get_pdf 0.48
1447799922 8 get_pdf 0.42
1447799922 12 apply_bet 0.29
1447799922 3 apply_bet 0.24
1447799922 7 get_pdf 0.38
1447799922 11 get_pdf 0.41
1447799922 4 apply_bet 0.26
1447799922 10 get_pdf 0.37
1447799922 9 apply_bet 0.30
1447799922 3 get_pdf 0.35
1447799922 12 get_pdf 0.39
1447799922 4 get_pdf 0.32
1447799922 9 get_pdf 0.31
1447799926 15 add_outcome 0.19
1447799926 13 add_outcome 0.19
1447799926 6 add_outcome 0.20
1447799926 1 add_outcome 0.22
1447799927 15 apply_bet 0.19
1447799927 5 add_outcome 0.20
1447799927 2 add_outcome 0.19
1447799927 6 apply_bet 0.23
1447799927 14 add_outcome 0.21
1447799927 13 apply_bet 0.24
1447799927 1 apply_bet 0.24
1447799927 8 add_outcome 0.24
1447799927 15 get_pdf 0.43
1447799927 7 add_outcome 0.21
1447799927 10 add_outcome 0.25
1447799927 11 add_outcome 0.28
1447799927 6 get_pdf 0.37
1447799927 13 get_pdf 0.48
1447799927 1 get_pdf 0.44
1447799928 5 apply_bet 0.29
1447799928 2 apply_bet 0.27
1447799928 4 add_outcome 0.30
1447799928 3 add_outcome 0.38
1447799928 12 add_outcome 0.39
1447799928 14 apply_bet 0.35
1447799928 9 add_outcome 0.36
1447799928 8 apply_bet 0.29
1447799928 7 apply_bet 0.25
1447799928 5 get_pdf 0.38
1447799928 10 apply_bet 0.26
1447799928 2 get_pdf 0.42
1447799928 11 apply_bet 0.26
1447799928 14 get_pdf 0.41
1447799928 7 get_pdf 0.35
1447799928 4 apply_bet 0.22
1447799928 3 apply_bet 0.25
1447799928 10 get_pdf 0.37
1447799928 12 apply_bet 0.25
1447799928 8 get_pdf 0.48
1447799928 9 apply_bet 0.24
1447799928 11 get_pdf 0.47
1447799929 3 get_pdf 0.32
1447799929 4 get_pdf 0.35
1447799929 12 get_pdf 0.36
1447799929 9 get_pdf 0.32
1447799932 15 add_outcome 0.20
1447799932 6 add_outcome 0.19
1447799933 1 add_outcome 0.23
1447799933 13 add_outcome 0.23
1447799933 15 apply_bet 0.23
1447799933 6 apply_bet 0.27
1447799933 5 add_outcome 0.23
1447799933 2 add_outcome 0.24
1447799933 15 get_pdf 0.36
1447799933 13 apply_bet 0.22
1447799933 14 add_outcome 0.23
1447799933 1 apply_bet 0.28
1447799933 7 add_outcome 0.25
1447799934 6 get_pdf 0.40
1447799934 10 add_outcome 0.23
1447799934 8 add_outcome 0.24
1447799934 13 get_pdf 0.39
1447799934 11 add_outcome 0.23
1447799934 1 get_pdf 0.48
1447799934 3 add_outcome 0.25
1447799934 4 add_outcome 0.26
1447799934 2 apply_bet 0.28
1447799934 12 add_outcome 0.29
1447799934 9 add_outcome 0.27
1447799934 14 apply_bet 0.31
1447799934 7 apply_bet 0.28
1447799934 10 apply_bet 0.29
1447799934 8 apply_bet 0.29
1447799934 2 get_pdf 0.41
1447799934 11 apply_bet 0.28
1447799935 14 get_pdf 0.44
1447799935 4 apply_bet 0.25
1447799935 3 apply_bet 0.26
1447799935 7 get_pdf 0.43
1447799935 12 apply_bet 0.27
1447799935 9 apply_bet 0.27
1447799935 10 get_pdf 0.42
1447799935 8 get_pdf 0.44
1447799935 11 get_pdf 0.34
1447799935 3 get_pdf 0.37
1447799935 4 get_pdf 0.37
1447799935 9 get_pdf 0.35
1447799935 12 get_pdf 0.37
1447799936 5 update_coef 3.07
1447799937 5 apply_bet 0.28
1447799937 5 get_pdf 0.44
1447799938 15 add_outcome 0.19
1447799939 6 add_outcome 0.19
1447799939 13 add_outcome 0.20
1447799939 1 add_outcome 0.19
1447799939 15 apply_bet 0.22
1447799939 6 apply_bet 0.22
1447799939 15 get_pdf 0.34
1447799940 2 add_outcome 0.20
1447799940 1 apply_bet 0.21
1447799940 6 get_pdf 0.34
1447799940 14 add_outcome 0.22
1447799940 7 add_outcome 0.25
1447799940 10 add_outcome 0.23
1447799940 8 add_outcome 0.23
1447799940 1 get_pdf 0.42
1447799940 11 add_outcome 0.23
1447799940 2 apply_bet 0.23
1447799940 4 add_outcome 0.23
1447799940 3 add_outcome 0.25
1447799940 12 add_outcome 0.23
1447799940 9 add_outcome 0.26
1447799940 14 apply_bet 0.24
1447799941 7 apply_bet 0.27
1447799941 2 get_pdf 0.49
1447799941 10 apply_bet 0.26
1447799941 8 apply_bet 0.27
1447799941 11 apply_bet 0.25
1447799941 4 apply_bet 0.24
1447799941 3 apply_bet 0.26
1447799941 14 get_pdf 0.46
1447799941 7 get_pdf 0.39
1447799941 9 apply_bet 0.27
1447799941 10 get_pdf 0.36
1447799941 12 apply_bet 0.27
1447799941 8 get_pdf 0.41
1447799941 11 get_pdf 0.38
1447799941 4 get_pdf 0.34
1447799941 9 get_pdf 0.35
1447799941 12 get_pdf 0.34
1447799941 3 get_pdf 0.42
1447799942 13 update_coef 3.11
1447799942 5 add_outcome 0.15
1447799942 13 apply_bet 0.15
1447799943 13 get_pdf 0.20
1447799943 5 apply_bet 0.14
1447799943 5 get_pdf 0.31
1447799945 15 add_outcome 0.24
1447799945 6 add_outcome 0.19
1447799945 15 apply_bet 0.22
1447799945 1 add_outcome 0.21
1447799945 6 apply_bet 0.21
1447799945 15 get_pdf 0.32
1447799946 6 get_pdf 0.33
1447799946 1 apply_bet 0.22
1447799946 2 add_outcome 0.19
1447799946 1 get_pdf 0.37
1447799946 7 add_outcome 0.20
1447799946 14 add_outcome 0.23
1447799946 10 add_outcome 0.19
1447799946 8 add_outcome 0.23
1447799946 11 add_outcome 0.19
1447799946 2 apply_bet 0.31
1447799946 4 add_outcome 0.23
1447799946 9 add_outcome 0.23
1447799947 3 add_outcome 0.23
1447799947 12 add_outcome 0.26
1447799947 14 apply_bet 0.29
1447799947 7 apply_bet 0.28
1447799947 2 get_pdf 0.42
1447799947 10 apply_bet 0.28
1447799947 11 apply_bet 0.26
1447799947 8 apply_bet 0.26
1447799947 14 get_pdf 0.37
1447799947 4 apply_bet 0.27
1447799947 3 apply_bet 0.27
1447799947 7 get_pdf 0.43
1447799947 12 apply_bet 0.31
1447799947 9 apply_bet 0.32
1447799947 11 get_pdf 0.41
1447799947 10 get_pdf 0.48
1447799947 8 get_pdf 0.46
1447799947 4 get_pdf 0.35
1447799948 3 get_pdf 0.36
1447799948 12 get_pdf 0.35
1447799948 9 get_pdf 0.36
1447799948 13 add_outcome 0.19
1447799948 5 add_outcome 0.18
1447799949 13 apply_bet 0.40
1447799949 5 apply_bet 0.21
1447799949 13 get_pdf 0.36
1447799949 5 get_pdf 0.32
1447799951 15 add_outcome 0.19
1447799951 6 add_outcome 0.21
1447799951 15 apply_bet 0.22
1447799951 1 add_outcome 0.20
1447799951 6 apply_bet 0.23
1447799952 15 get_pdf 0.32
1447799952 1 apply_bet 0.21
1447799952 6 get_pdf 0.31
1447799952 2 add_outcome 0.18
1447799952 1 get_pdf 0.32
1447799952 14 add_outcome 0.18
1447799952 7 add_outcome 0.21
1447799953 11 add_outcome 0.20
1447799953 10 add_outcome 0.20
1447799953 2 apply_bet 0.24
1447799953 8 add_outcome 0.24
1447799953 4 add_outcome 0.24
1447799953 3 add_outcome 0.22
1447799953 12 add_outcome 0.24
1447799953 9 add_outcome 0.23
1447799953 14 apply_bet 0.25
1447799953 2 get_pdf 0.42
1447799953 7 apply_bet 0.25
1447799953 14 get_pdf 0.39
1447799953 8 apply_bet 0.26
1447799953 4 apply_bet 0.28
1447799953 3 apply_bet 0.27
1447799953 12 apply_bet 0.22
1447799954 7 get_pdf 0.47
1447799954 9 apply_bet 0.29
1447799954 8 get_pdf 0.34
1447799954 4 get_pdf 0.34
1447799954 3 get_pdf 0.33
1447799954 12 get_pdf 0.33
1447799954 9 get_pdf 0.33
1447799954 13 add_outcome 0.20
1447799954 5 add_outcome 0.20
1447799955 13 apply_bet 0.25
1447799955 5 apply_bet 0.22
1447799955 13 get_pdf 0.32
1447799955 5 get_pdf 0.32
1447799956 10 update_coef 3.07
1447799956 11 update_coef 3.08
1447799956 10 apply_bet 0.26
1447799956 11 apply_bet 0.28
1447799956 10 get_pdf 0.31
1447799957 11 get_pdf 0.33
1447799957 15 add_outcome 0.39
1447799957 6 add_outcome 0.22
1447799957 1 add_outcome 0.20
1447799957 15 apply_bet 0.22
1447799958 6 apply_bet 0.29
1447799958 15 get_pdf 0.33
1447799958 1 apply_bet 0.22
1447799958 6 get_pdf 0.33
1447799958 2 add_outcome 0.19
1447799958 1 get_pdf 0.32
1447799958 14 add_outcome 0.17
1447799959 2 apply_bet 0.22
1447799959 7 add_outcome 0.18
1447799959 8 add_outcome 0.18
1447799959 4 add_outcome 0.20
1447799959 3 add_outcome 0.19
1447799959 2 get_pdf 0.35
1447799959 14 apply_bet 0.23
1447799959 12 add_outcome 0.20
1447799959 9 add_outcome 0.20
1447799959 7 apply_bet 0.23
1447799959 14 get_pdf 0.27
1447799959 8 apply_bet 0.21
1447799959 3 apply_bet 0.23
1447799959 4 apply_bet 0.24
1447799960 7 get_pdf 0.34
1447799960 9 apply_bet 0.23
1447799960 12 apply_bet 0.26
1447799960 3 get_pdf 0.33
1447799960 8 get_pdf 0.46
1447799960 4 get_pdf 0.44
1447799960 9 get_pdf 0.41
1447799960 12 get_pdf 0.40
1447799960 13 add_outcome 0.23
1447799960 5 add_outcome 0.21
1447799961 13 apply_bet 0.22
1447799961 5 apply_bet 0.21
1447799961 13 get_pdf 0.39
1447799961 5 get_pdf 0.32
1447799962 10 add_outcome 0.19
1447799962 11 add_outcome 0.19
1447799962 10 apply_bet 0.25
1447799962 11 apply_bet 0.23
1447799963 10 get_pdf 0.34
1447799963 11 get_pdf 0.32
1447799963 15 add_outcome 0.19
1447799963 6 add_outcome 0.20
1447799963 1 add_outcome 0.21
1447799964 15 apply_bet 0.20
1447799964 6 apply_bet 0.24
1447799964 15 get_pdf 0.31
1447799964 1 apply_bet 0.19
1447799964 6 get_pdf 0.28
1447799964 2 add_outcome 0.16
1447799964 1 get_pdf 0.30
1447799964 14 add_outcome 0.18
1447799965 7 add_outcome 0.18
1447799965 8 add_outcome 0.19
1447799965 4 add_outcome 0.21
1447799965 9 add_outcome 0.21
1447799965 12 add_outcome 0.22
1447799966 3 add_outcome 1.19
1447799966 13 add_outcome 0.21
1447799966 5 add_outcome 0.22
1447799967 2 update_coef 3.07
1447799968 14 update_coef 3.06
1447799968 10 add_outcome 0.22
1447799968 7 update_coef 3.07
1447799968 11 add_outcome 0.23
1447799969 15 add_outcome 0.20
1447799969 6 add_outcome 0.19
1447799969 1 add_outcome 0.17
1447799970 15 apply_bet 0.21
1447799970 6 apply_bet 0.21
1447799970 15 get_pdf 0.29
1447799970 1 apply_bet 0.22
1447799970 6 get_pdf 0.39
1447799970 3 update_coef 4.27
1447799970 1 get_pdf 0.38
1447799970 8 update_coef 5.31
1447799970 4 update_coef 5.29
1447799970 9 update_coef 5.30
1447799970 12 update_coef 5.29
1447799971 2 update_coef 3.28
1447799971 13 update_coef 4.29
1447799971 5 update_coef 4.29
1447799971 3 apply_bet 0.24
1447799971 14 update_coef 3.29
1447799971 8 apply_bet 0.28
1447799971 4 apply_bet 0.26
1447799971 2 apply_bet 0.25
1447799971 10 update_coef 3.29
1447799971 9 apply_bet 0.27
1447799971 7 update_coef 3.29
1447799971 12 apply_bet 0.28
1447799971 11 update_coef 3.32
1447799971 3 get_pdf 0.42
1447799971 13 apply_bet 0.30
1447799971 8 get_pdf 0.47
1447799971 5 apply_bet 0.32
1447799971 4 get_pdf 0.46
1447799971 9 get_pdf 0.42
1447799972 2 get_pdf 0.50
1447799972 12 get_pdf 0.46
1447799972 14 apply_bet 0.41
1447799972 10 apply_bet 0.24
1447799972 7 apply_bet 0.24
1447799972 13 get_pdf 0.41
1447799972 5 get_pdf 0.41
1447799972 11 apply_bet 0.25
1447799972 14 get_pdf 0.35
1447799972 10 get_pdf 0.33
1447799972 7 get_pdf 0.35
1447799972 11 get_pdf 0.53
1447799975 15 add_outcome 0.19
1447799975 6 add_outcome 0.19
1447799976 1 add_outcome 0.21
1447799976 15 apply_bet 0.24
1447799976 6 apply_bet 0.23
1447799976 15 get_pdf 0.32
1447799976 1 apply_bet 0.22
1447799976 6 get_pdf 0.33
1447799976 3 add_outcome 0.18
1447799976 1 get_pdf 0.32
1447799977 8 add_outcome 0.19
1447799977 4 add_outcome 0.19
1447799977 9 add_outcome 0.21
1447799977 2 add_outcome 0.21
1447799977 12 add_outcome 0.21
1447799977 3 apply_bet 0.27
1447799977 13 add_outcome 0.29
1447799977 5 add_outcome 0.23
1447799977 14 add_outcome 0.26
1447799977 10 add_outcome 0.25
1447799977 7 add_outcome 0.23
1447799977 8 apply_bet 0.33
1447799977 9 apply_bet 0.28
1447799977 4 apply_bet 0.31
1447799977 3 get_pdf 0.38
1447799977 2 apply_bet 0.30
1447799977 12 apply_bet 0.30
1447799978 11 add_outcome 0.26
1447799978 5 apply_bet 0.30
1447799978 9 get_pdf 0.47
1447799978 4 get_pdf 0.48
1447799978 13 apply_bet 0.32
1447799978 8 get_pdf 0.49
1447799978 12 get_pdf 0.45
1447799978 14 apply_bet 0.28
1447799978 10 apply_bet 0.26
1447799978 2 get_pdf 0.54
1447799978 7 apply_bet 0.31
1447799978 5 get_pdf 0.38
1447799978 13 get_pdf 0.38
1447799978 11 apply_bet 0.25
1447799978 14 get_pdf 0.34
1447799978 10 get_pdf 0.37
1447799978 7 get_pdf 0.35
1447799979 11 get_pdf 0.33
1447799981 15 add_outcome 0.21
1447799981 6 add_outcome 0.19
1447799982 1 add_outcome 0.20
1447799982 15 apply_bet 0.23
1447799982 6 apply_bet 0.22
1447799982 15 get_pdf 0.33
1447799982 1 apply_bet 0.22
1447799982 6 get_pdf 0.32
1447799982 1 get_pdf 0.33
1447799983 3 add_outcome 0.18
1447799983 9 add_outcome 0.19
1447799983 8 add_outcome 0.21
1447799983 4 add_outcome 0.23
1447799983 3 apply_bet 0.28
1447799983 12 add_outcome 0.21
1447799983 2 add_outcome 0.23
1447799983 5 add_outcome 0.26
1447799983 13 add_outcome 0.24
1447799983 3 get_pdf 0.37
1447799984 14 add_outcome 0.24
1447799984 10 add_outcome 0.25
1447799984 9 apply_bet 0.31
1447799984 7 add_outcome 0.27
1447799984 4 apply_bet 0.28
1447799984 8 apply_bet 0.31
1447799984 11 add_outcome 0.25
1447799984 12 apply_bet 0.31
1447799984 2 apply_bet 0.32
1447799984 5 apply_bet 0.28
1447799984 8 get_pdf 0.43
1447799984 9 get_pdf 0.48
1447799984 13 apply_bet 0.30
1447799984 14 apply_bet 0.33
1447799984 4 get_pdf 0.55
1447799984 10 apply_bet 0.30
1447799984 12 get_pdf 0.51
1447799984 7 apply_bet 0.30
1447799984 2 get_pdf 0.47
1447799985 5 get_pdf 0.42
1447799985 11 apply_bet 0.29
1447799985 13 get_pdf 0.40
1447799985 14 get_pdf 0.37
1447799985 10 get_pdf 0.37
1447799985 7 get_pdf 0.35
1447799985 11 get_pdf 0.32
1447799987 15 add_outcome 0.19
1447799987 6 add_outcome 0.18
1447799988 1 add_outcome 0.21
1447799988 15 apply_bet 0.24
1447799988 6 apply_bet 0.29
1447799988 15 get_pdf 0.40
1447799988 1 apply_bet 0.22
1447799988 6 get_pdf 0.32
1447799989 1 get_pdf 0.43
1447799989 3 add_outcome 0.20
1447799989 3 apply_bet 0.23
1447799989 8 add_outcome 0.21
1447799989 9 add_outcome 0.22
1447799989 4 add_outcome 0.20
1447799990 3 get_pdf 0.34
1447799990 12 add_outcome 0.21
1447799990 2 add_outcome 0.23
1447799990 5 add_outcome 0.22
1447799990 13 add_outcome 0.23
1447799990 14 add_outcome 0.27
1447799990 10 add_outcome 0.25
1447799990 7 add_outcome 0.24
1447799990 8 apply_bet 0.32
1447799990 9 apply_bet 0.32
1447799990 11 add_outcome 0.26
1447799990 4 apply_bet 0.33
1447799990 12 apply_bet 0.31
1447799990 2 apply_bet 0.33
1447799990 5 apply_bet 0.34
1447799990 9 get_pdf 0.47
1447799991 8 get_pdf 0.50
1447799991 4 get_pdf 0.39
1447799991 14 apply_bet 0.28
1447799991 13 apply_bet 0.34
1447799991 10 apply_bet 0.28
1447799991 7 apply_bet 0.32
1447799991 12 get_pdf 0.43
1447799991 2 get_pdf 0.38
1447799991 11 apply_bet 0.31
1447799991 5 get_pdf 0.41
1447799991 14 get_pdf 0.34
1447799991 13 get_pdf 0.35
1447799991 10 get_pdf 0.35
1447799991 7 get_pdf 0.34
1447799991 11 get_pdf 0.33
1447799993 15 add_outcome 0.19
1447799994 6 add_outcome 0.22
1447799994 15 apply_bet 0.26
1447799994 1 add_outcome 0.40
1447799994 6 apply_bet 0.24
1447799994 15 get_pdf 0.34
1447799994 6 get_pdf 0.33
1447799995 1 apply_bet 0.23
1447799995 3 add_outcome 0.18
1447799995 1 get_pdf 0.33
1447799995 3 apply_bet 0.21
1447799996 3 get_pdf 0.32
1447799996 9 add_outcome 0.19
1447799996 4 add_outcome 0.19
1447799996 8 add_outcome 0.20
1447799996 12 add_outcome 0.20
1447799996 2 add_outcome 0.23
1447799996 5 add_outcome 0.24
1447799996 14 add_outcome 0.24
1447799996 13 add_outcome 0.25
1447799996 10 add_outcome 0.26
1447799996 8 apply_bet 0.33
1447799996 7 add_outcome 0.31
1447799996 9 apply_bet 0.37
1447799996 4 apply_bet 0.32
1447799996 11 add_outcome 0.29
1447799997 12 apply_bet 0.30
1447799997 2 apply_bet 0.32
1447799997 9 get_pdf 0.40
1447799997 4 get_pdf 0.41
1447799997 8 get_pdf 0.45
1447799997 13 apply_bet 0.25
1447799997 5 apply_bet 0.30
1447799997 14 apply_bet 0.25
1447799997 10 apply_bet 0.26
1447799997 12 get_pdf 0.40
1447799997 2 get_pdf 0.36
1447799997 11 apply_bet 0.26
1447799997 13 get_pdf 0.37
1447799997 14 get_pdf 0.37
1447799997 5 get_pdf 0.39
1447799997 10 get_pdf 0.31
1447799997 11 get_pdf 0.30
1447799999 15 add_outcome 0.19
1447799999 7 update_coef 3.08
1447800000 6 add_outcome 0.20
1447800000 15 apply_bet 0.25
1447800000 7 apply_bet 0.23
1447800000 1 add_outcome 0.21
1447800000 6 apply_bet 0.24
1447800000 7 get_pdf 0.32
1447800000 15 get_pdf 0.33
1447800001 6 get_pdf 0.37
1447800001 1 apply_bet 0.27
1447800001 3 add_outcome 0.19
1447800001 1 get_pdf 0.32
1447800001 3 apply_bet 0.22
1447800002 3 get_pdf 0.31
1447800002 9 add_outcome 0.19
1447800002 4 add_outcome 0.20
1447800002 8 add_outcome 0.20
1447800002 12 add_outcome 0.24
1447800002 2 add_outcome 0.19
1447800002 14 add_outcome 0.20
1447800002 13 add_outcome 0.21
1447800003 5 add_outcome 0.22
1447800003 10 add_outcome 0.22
1447800003 9 apply_bet 0.24
1447800003 8 apply_bet 0.27
1447800003 11 add_outcome 0.21
1447800003 4 apply_bet 0.27
1447800003 2 apply_bet 0.26
1447800003 12 apply_bet 0.29
1447800003 9 get_pdf 0.43
1447800003 8 get_pdf 0.40
1447800003 4 get_pdf 0.40
1447800003 10 apply_bet 0.24
1447800003 13 apply_bet 0.30
1447800003 14 apply_bet 0.32
1447800003 5 apply_bet 0.26
1447800003 2 get_pdf 0.34
1447800003 12 get_pdf 0.34
1447800003 11 apply_bet 0.26
1447800003 10 get_pdf 0.35
1447800004 14 get_pdf 0.36
1447800004 13 get_pdf 0.42
1447800004 5 get_pdf 0.42
1447800004 11 get_pdf 0.34
1447800006 15 add_outcome 0.20
1447800006 7 add_outcome 0.20
1447800006 6 add_outcome 0.21
1447800006 15 apply_bet 0.25
1447800006 7 apply_bet 0.30
1447800006 1 add_outcome 0.19
1447800006 6 apply_bet 0.23
1447800006 15 get_pdf 0.35
1447800006 7 get_pdf 0.33
1447800007 1 apply_bet 0.23
1447800007 6 get_pdf 0.35
1447800007 3 add_outcome 0.19
1447800007 1 get_pdf 0.29
1447800007 3 apply_bet 0.21
1447800008 3 get_pdf 0.33
1447800008 9 add_outcome 0.21
1447800008 8 add_outcome 0.19
1447800008 4 add_outcome 0.22
1447800008 2 add_outcome 0.21
1447800008 12 add_outcome 0.20
1447800009 10 add_outcome 0.22
1447800009 14 add_outcome 0.22
1447800009 13 add_outcome 0.23
1447800009 5 add_outcome 0.26
1447800009 11 add_outcome 0.24
1447800009 4 apply_bet 0.31
1447800009 2 apply_bet 0.27
1447800009 12 apply_bet 0.30
1447800009 4 get_pdf 0.37
1447800009 10 apply_bet 0.30
1447800009 14 apply_bet 0.31
1447800009 13 apply_bet 0.29
1447800009 5 apply_bet 0.28
1447800010 2 get_pdf 0.40
1447800010 12 get_pdf 0.37
1447800010 11 apply_bet 0.27
1447800010 10 get_pdf 0.36
1447800010 14 get_pdf 0.33
1447800010 13 get_pdf 0.34
1447800010 5 get_pdf 0.33
1447800010 11 get_pdf 0.33
1447800011 9 update_coef 3.08
1447800011 8 update_coef 3.08
1447800012 15 add_outcome 0.20
1447800012 7 add_outcome 0.19
1447800012 9 apply_bet 0.27
1447800012 8 apply_bet 0.28
1447800012 6 add_outcome 0.23
1447800012 15 apply_bet 0.31
1447800012 1 add_outcome 0.24
1447800012 7 apply_bet 0.27
1447800012 9 get_pdf 0.34
1447800012 8 get_pdf 0.34
1447800012 15 get_pdf 0.19
1447800012 6 apply_bet 0.15
1447800012 7 get_pdf 0.18
1447800013 1 apply_bet 0.16
1447800013 6 get_pdf 0.23
1447800013 3 add_outcome 0.12
1447800013 1 get_pdf 0.25
1447800013 3 apply_bet 0.23
1447800014 3 get_pdf 0.32
1447800015 4 add_outcome 0.14
1447800015 2 add_outcome 0.13
1447800015 12 add_outcome 0.13
1447800015 10 add_outcome 0.14
1447800015 4 apply_bet 0.18
1447800015 13 add_outcome 0.15
1447800015 14 add_outcome 0.15
1447800015 5 add_outcome 0.16
1447800015 2 apply_bet 0.17
1447800015 11 add_outcome 0.15
1447800015 4 get_pdf 0.20
1447800015 12 apply_bet 0.19
1447800015 10 apply_bet 0.16
1447800015 2 get_pdf 0.25
1447800015 12 get_pdf 0.20
1447800015 5 apply_bet 0.18
1447800015 13 apply_bet 0.17
1447800015 14 apply_bet 0.17
1447800015 11 apply_bet 0.15
1447800015 10 get_pdf 0.20
1447800016 13 get_pdf 0.20
1447800016 14 get_pdf 0.19
1447800016 5 get_pdf 0.22
1447800016 11 get_pdf 0.18
1447800018 9 add_outcome 0.20
1447800018 8 add_outcome 0.24
1447800018 15 add_outcome 0.19
1447800018 7 add_outcome 0.21
1447800018 6 add_outcome 0.24
1447800018 9 apply_bet 0.25
1447800018 1 add_outcome 0.22
1447800018 8 apply_bet 0.27
1447800018 15 apply_bet 0.25
1447800018 7 apply_bet 0.29
1447800018 9 get_pdf 0.32
1447800019 8 get_pdf 0.40
1447800019 15 get_pdf 0.30
1447800019 6 apply_bet 0.28
1447800019 7 get_pdf 0.29
1447800019 1 apply_bet 0.21
1447800019 3 add_outcome 0.17
1447800019 6 get_pdf 0.26
1447800019 1 get_pdf 0.26
1447800019 3 apply_bet 0.36
1447800020 3 get_pdf 0.33
1447800020 4 add_outcome 0.19
1447800020 2 add_outcome 0.21
1447800021 12 add_outcome 0.20
1447800021 10 add_outcome 0.21
1447800021 14 add_outcome 0.23
1447800021 5 add_outcome 0.22
1447800021 13 add_outcome 0.25
1447800021 11 add_outcome 0.23
1447800021 4 apply_bet 0.29
1447800021 2 apply_bet 0.32
1447800021 12 apply_bet 0.29
1447800021 4 get_pdf 0.48
1447800021 10 apply_bet 0.31
1447800021 5 apply_bet 0.27
1447800021 11 apply_bet 0.29
1447800022 14 apply_bet 0.29
1447800022 12 get_pdf 0.37
1447800022 13 apply_bet 0.33
1447800022 2 get_pdf 0.45
1447800022 10 get_pdf 0.41
1447800022 14 get_pdf 0.32
1447800022 11 get_pdf 0.37
1447800022 5 get_pdf 0.43
1447800022 13 get_pdf 0.40
1447800024 9 add_outcome 0.24
1447800024 15 add_outcome 0.21
1447800024 8 add_outcome 0.23
1447800024 7 add_outcome 0.22
1447800024 6 add_outcome 0.20
1447800024 1 add_outcome 0.20
1447800025 1 apply_bet 0.23
1447800025 3 add_outcome 0.20
1447800025 1 get_pdf 0.33
1447800027 4 add_outcome 0.20
1447800027 12 add_outcome 0.18
1447800027 9 update_coef 3.08
1447800027 2 add_outcome 0.20
1447800027 15 update_coef 3.07
1447800027 8 update_coef 3.07
1447800027 7 update_coef 3.06
1447800027 10 add_outcome 0.22
1447800027 14 add_outcome 0.22
1447800027 11 add_outcome 0.22
1447800027 6 update_coef 3.06
1447800027 5 add_outcome 0.26
1447800027 13 add_outcome 0.25
1447800030 1 add_outcome 0.21
1447800030 3 update_coef 5.30
1447800030 7 update_coef 3.38
1447800030 10 update_coef 3.40
1447800030 14 update_coef 3.35
1447800030 11 update_coef 3.35
1447800031 13 update_coef 3.31
1447800031 6 update_coef 3.41
1447800031 5 update_coef 3.37
1447800031 1 apply_bet 0.29
1447800031 3 apply_bet 0.31
1447800031 4 update_coef 4.31
1447800031 7 apply_bet 0.29
1447800031 14 apply_bet 0.30
1447800031 12 update_coef 4.35
1447800031 10 apply_bet 0.34
1447800031 11 apply_bet 0.31
1447800031 9 update_coef 4.40
1447800031 3 get_pdf 0.41
1447800031 15 update_coef 4.38
1447800031 1 get_pdf 0.46
1447800031 2 update_coef 4.43
1447800031 13 apply_bet 0.33
1447800031 6 apply_bet 0.34
1447800031 5 apply_bet 0.34
1447800031 8 update_coef 4.43
1447800031 7 get_pdf 0.45
1447800032 11 get_pdf 0.40
1447800032 14 get_pdf 0.46
1447800032 10 get_pdf 0.47
1447800032 4 apply_bet 0.30
1447800032 5 get_pdf 0.43
1447800032 6 get_pdf 0.45
1447800032 13 get_pdf 0.46
1447800032 12 apply_bet 0.31
1447800032 15 apply_bet 0.27
1447800032 4 get_pdf 0.37
1447800032 9 apply_bet 0.32
1447800032 2 apply_bet 0.30
1447800032 8 apply_bet 0.26
1447800032 12 get_pdf 0.34
1447800032 15 get_pdf 0.34
1447800032 9 get_pdf 0.35
1447800032 2 get_pdf 0.41
1447800032 8 get_pdf 0.39
1447800036 3 add_outcome 0.19
1447800036 1 add_outcome 0.19
1447800037 7 add_outcome 0.22
1447800037 11 add_outcome 0.19
1447800037 14 add_outcome 0.22
1447800037 10 add_outcome 0.23
1447800037 5 add_outcome 0.23
1447800037 6 add_outcome 0.24
1447800037 13 add_outcome 0.26
1447800037 1 apply_bet 0.30
1447800037 3 apply_bet 0.32
1447800037 4 add_outcome 0.25
1447800037 7 apply_bet 0.31
1447800037 11 apply_bet 0.33
1447800037 14 apply_bet 0.30
1447800037 12 add_outcome 0.31
1447800037 3 get_pdf 0.43
1447800037 15 add_outcome 0.25
1447800038 10 apply_bet 0.32
1447800038 1 get_pdf 0.48
1447800038 9 add_outcome 0.28
1447800038 7 get_pdf 0.40
1447800038 2 add_outcome 0.30
1447800038 5 apply_bet 0.32
1447800038 6 apply_bet 0.33
1447800038 8 add_outcome 0.28
1447800038 13 apply_bet 0.33
1447800038 11 get_pdf 0.48
1447800038 14 get_pdf 0.49
1447800038 4 apply_bet 0.33
1447800038 10 get_pdf 0.50
1447800038 5 get_pdf 0.49
1447800038 6 get_pdf 0.47
1447800038 13 get_pdf 0.46
1447800038 12 apply_bet 0.34
1447800038 15 apply_bet 0.33
1447800038 9 apply_bet 0.31
1447800038 4 get_pdf 0.41
1447800038 2 apply_bet 0.28
1447800039 8 apply_bet 0.32
1447800039 15 get_pdf 0.34
1447800039 12 get_pdf 0.39
1447800039 9 get_pdf 0.34
1447800039 2 get_pdf 0.33
1447800039 8 get_pdf 0.32
1447800043 3 add_outcome 0.20
1447800043 1 add_outcome 0.19
1447800043 7 add_outcome 0.18
1447800043 11 add_outcome 0.21
1447800043 14 add_outcome 0.21
1447800043 10 add_outcome 0.21
1447800043 3 apply_bet 0.28
1447800043 1 apply_bet 0.30
1447800043 6 add_outcome 0.22
1447800043 5 add_outcome 0.25
1447800043 7 apply_bet 0.31
1447800043 13 add_outcome 0.25
1447800044 4 add_outcome 0.25
1447800044 1 get_pdf 0.41
1447800044 3 get_pdf 0.44
1447800044 7 get_pdf 0.44
1447800044 14 apply_bet 0.36
1447800044 11 apply_bet 0.39
1447800044 15 add_outcome 0.37
1447800044 12 add_outcome 0.35
1447800044 9 add_outcome 0.35
1447800044 2 add_outcome 0.38
1447800044 8 add_outcome 0.29
1447800044 10 apply_bet 0.45
1447800044 6 apply_bet 0.33
1447800044 5 apply_bet 0.35
1447800044 13 apply_bet 0.35
1447800044 11 get_pdf 0.38
1447800044 14 get_pdf 0.41
1447800045 4 apply_bet 0.34
1447800045 10 get_pdf 0.44
1447800045 15 apply_bet 0.29
1447800045 6 get_pdf 0.48
1447800045 13 get_pdf 0.40
1447800045 5 get_pdf 0.51
1447800045 12 apply_bet 0.35
1447800045 9 apply_bet 0.31
1447800045 2 apply_bet 0.29
1447800045 8 apply_bet 0.29
1447800045 4 get_pdf 0.39
1447800045 15 get_pdf 0.33
1447800045 12 get_pdf 0.32
1447800045 9 get_pdf 0.35
1447800045 8 get_pdf 0.32
1447800045 2 get_pdf 0.33
1447800049 1 add_outcome 0.20
1447800049 3 add_outcome 0.21
1447800049 7 add_outcome 0.23
1447800049 3 apply_bet 0.25
1447800049 1 apply_bet 0.26
1447800050 11 add_outcome 0.21
1447800050 14 add_outcome 0.21
1447800050 7 apply_bet 0.24
1447800050 10 add_outcome 0.22
1447800050 1 get_pdf 0.34
1447800050 3 get_pdf 0.36
1447800050 6 add_outcome 0.22
1447800050 13 add_outcome 0.23
1447800050 5 add_outcome 0.25
1447800050 7 get_pdf 0.35
1447800050 11 apply_bet 0.31
1447800050 4 add_outcome 0.25
1447800050 14 apply_bet 0.31
1447800050 15 add_outcome 0.22
1447800050 12 add_outcome 0.25
1447800050 9 add_outcome 0.26
1447800050 8 add_outcome 0.24
1447800050 2 add_outcome 0.24
1447800051 10 apply_bet 0.31
1447800051 11 get_pdf 0.40
1447800051 14 get_pdf 0.41
1447800051 6 apply_bet 0.36
1447800051 13 apply_bet 0.34
1447800051 5 apply_bet 0.31
1447800051 15 apply_bet 0.35
1447800051 4 apply_bet 0.30
1447800051 6 get_pdf 0.38
1447800051 10 get_pdf 0.48
1447800051 5 get_pdf 0.37
1447800051 13 get_pdf 0.41
1447800051 12 apply_bet 0.31
1447800051 9 apply_bet 0.32
1447800051 8 apply_bet 0.25
1447800051 2 apply_bet 0.31
1447800051 15 get_pdf 0.39
1447800051 4 get_pdf 0.43
1447800051 12 get_pdf 0.33
1447800051 9 get_pdf 0.33
1447800052 8 get_pdf 0.34
1447800052 2 get_pdf 0.35
1447800055 1 add_outcome 0.22
1447800055 3 add_outcome 0.22
1447800055 7 add_outcome 0.21
1447800056 3 apply_bet 0.28
1447800056 1 apply_bet 0.26
1447800056 11 add_outcome 0.19
1447800056 14 add_outcome 0.20
1447800056 7 apply_bet 0.25
1447800056 3 get_pdf 0.33
1447800056 7 get_pdf 0.31
1447800056 6 add_outcome 0.20
1447800056 1 get_pdf 0.48
1447800056 10 add_outcome 0.21
1447800056 5 add_outcome 0.21
1447800056 13 add_outcome 0.23
1447800056 14 apply_bet 0.25
1447800056 11 apply_bet 0.29
1447800057 15 add_outcome 0.21
1447800057 4 add_outcome 0.21
1447800057 12 add_outcome 0.20
1447800057 9 add_outcome 0.22
1447800057 14 get_pdf 0.37
1447800057 6 apply_bet 0.28
1447800057 8 add_outcome 0.29
1447800057 10 apply_bet 0.29
1447800057 2 add_outcome 0.33
1447800057 11 get_pdf 0.47
1447800057 13 apply_bet 0.30
1447800057 5 apply_bet 0.33
1447800057 15 apply_bet 0.30
1447800057 6 get_pdf 0.40
1447800057 4 apply_bet 0.34
1447800057 12 apply_bet 0.33
1447800057 13 get_pdf 0.40
1447800057 10 get_pdf 0.50
1447800057 5 get_pdf 0.44
1447800057 9 apply_bet 0.31
1447800058 8 apply_bet 0.28
1447800058 2 apply_bet 0.25
1447800058 4 get_pdf 0.36
1447800058 12 get_pdf 0.34
1447800058 15 get_pdf 0.51
1447800058 9 get_pdf 0.40
1447800058 8 get_pdf 0.35
1447800058 2 get_pdf 0.34
1447800061 3 add_outcome 0.19
1447800061 7 add_outcome 0.24
1447800061 1 add_outcome 0.23
1447800062 3 apply_bet 0.28
1447800062 14 add_outcome 0.22
1447800062 7 apply_bet 0.25
1447800062 1 apply_bet 0.27
1447800062 11 add_outcome 0.19
1447800062 3 get_pdf 0.45
1447800062 7 get_pdf 0.33
1447800062 1 get_pdf 0.34
1447800062 6 add_outcome 0.19
1447800063 13 add_outcome 0.19
1447800063 10 add_outcome 0.19
1447800063 14 apply_bet 0.24
1447800063 5 add_outcome 0.18
1447800063 11 apply_bet 0.23
1447800063 4 add_outcome 0.20
1447800063 12 add_outcome 0.20
1447800063 14 get_pdf 0.32
1447800063 15 add_outcome 0.19
1447800063 6 apply_bet 0.28
1447800063 9 add_outcome 0.19
1447800063 13 apply_bet 0.24
1447800063 11 get_pdf 0.34
1447800063 8 add_outcome 0.21
1447800063 5 apply_bet 0.26
1447800063 10 apply_bet 0.26
1447800063 2 add_outcome 0.21
1447800063 6 get_pdf 0.29
1447800063 12 apply_bet 0.26
1447800063 13 get_pdf 0.40
1447800063 5 get_pdf 0.31
1447800063 10 get_pdf 0.32
1447800064 4 apply_bet 0.27
1447800064 15 apply_bet 0.29
1447800064 9 apply_bet 0.26
1447800064 8 apply_bet 0.22
1447800064 2 apply_bet 0.24
1447800064 12 get_pdf 0.31
1447800064 4 get_pdf 0.31
1447800064 15 get_pdf 0.32
1447800064 9 get_pdf 0.30
1447800064 8 get_pdf 0.34
1447800064 2 get_pdf 0.32
1447800067 3 add_outcome 0.21
1447800068 7 add_outcome 0.21
1447800068 1 add_outcome 0.21
1447800068 3 apply_bet 0.26
1447800068 7 apply_bet 0.28
1447800068 14 add_outcome 0.19
1447800068 1 apply_bet 0.29
1447800068 11 add_outcome 0.20
1447800068 3 get_pdf 0.36
1447800068 7 get_pdf 0.37
1447800069 6 add_outcome 0.19
1447800069 1 get_pdf 0.36
1447800069 5 add_outcome 0.23
1447800069 14 apply_bet 0.28
1447800069 13 add_outcome 0.24
1447800069 10 add_outcome 0.22
1447800069 11 apply_bet 0.27
1447800069 12 add_outcome 0.24
1447800069 4 add_outcome 0.25
1447800069 14 get_pdf 0.41
1447800069 15 add_outcome 0.23
1447800069 9 add_outcome 0.26
1447800069 6 apply_bet 0.32
1447800069 8 add_outcome 0.23
1447800069 13 apply_bet 0.29
1447800069 2 add_outcome 0.23
1447800069 11 get_pdf 0.46
1447800069 10 apply_bet 0.30
1447800069 5 apply_bet 0.34
1447800070 6 get_pdf 0.40
1447800070 13 get_pdf 0.41
1447800070 12 apply_bet 0.31
1447800070 4 apply_bet 0.29
1447800070 5 get_pdf 0.43
1447800070 10 get_pdf 0.49
1447800070 15 apply_bet 0.34
1447800070 9 apply_bet 0.32
1447800070 8 apply_bet 0.28
1447800070 2 apply_bet 0.25
1447800070 4 get_pdf 0.34
1447800070 12 get_pdf 0.41
1447800070 15 get_pdf 0.33
1447800070 9 get_pdf 0.32
1447800070 8 get_pdf 0.36
1447800070 2 get_pdf 0.37
1447800074 3 add_outcome 0.20
1447800074 7 add_outcome 0.19
1447800074 1 add_outcome 0.20
1447800074 3 apply_bet 0.25
1447800074 7 apply_bet 0.27
1447800074 14 add_outcome 0.20
1447800074 1 apply_bet 0.25
1447800075 3 get_pdf 0.33
1447800075 7 get_pdf 0.33
1447800075 11 add_outcome 0.29
1447800075 1 get_pdf 0.43
1447800075 6 add_outcome 0.25
1447800075 13 add_outcome 0.20
1447800075 14 apply_bet 0.29
1447800075 5 add_outcome 0.21
1447800075 10 add_outcome 0.19
1447800075 11 apply_bet 0.27
1447800075 4 add_outcome 0.20
1447800075 12 add_outcome 0.21
1447800075 14 get_pdf 0.43
1447800075 15 add_outcome 0.23
1447800076 6 apply_bet 0.32
1447800076 9 add_outcome 0.28
1447800076 13 apply_bet 0.29
1447800076 8 add_outcome 0.23
1447800076 2 add_outcome 0.21
1447800076 11 get_pdf 0.38
1447800076 10 apply_bet 0.28
1447800076 5 apply_bet 0.31
1447800076 6 get_pdf 0.38
1447800076 4 apply_bet 0.28
1447800076 13 get_pdf 0.45
1447800076 12 apply_bet 0.31
1447800076 15 apply_bet 0.34
1447800076 10 get_pdf 0.45
1447800076 9 apply_bet 0.27
1447800076 5 get_pdf 0.39
1447800076 8 apply_bet 0.30
1447800076 2 apply_bet 0.30
1447800076 4 get_pdf 0.40
1447800077 15 get_pdf 0.34
1447800077 12 get_pdf 0.41
1447800077 9 get_pdf 0.34
1447800077 8 get_pdf 0.34
1447800077 2 get_pdf 0.39
1447800080 3 add_outcome 0.20
1447800080 7 add_outcome 0.20
1447800080 1 add_outcome 0.19
1447800080 3 apply_bet 0.26
1447800080 7 apply_bet 0.34
1447800081 3 get_pdf 0.32
1447800081 14 add_outcome 0.24
1447800081 1 apply_bet 0.31
1447800081 7 get_pdf 0.32
1447800081 11 add_outcome 0.19
1447800081 1 get_pdf 0.33
1447800081 6 add_outcome 0.20
1447800081 13 add_outcome 0.19
1447800081 14 apply_bet 0.24
1447800081 10 add_outcome 0.23
1447800081 5 add_outcome 0.23
1447800082 11 apply_bet 0.33
1447800082 4 add_outcome 0.20
1447800082 14 get_pdf 0.34
1447800082 6 apply_bet 0.30
1447800082 15 add_outcome 0.23
1447800082 9 add_outcome 0.25
1447800082 12 add_outcome 0.26
1447800082 8 add_outcome 0.25
1447800082 11 get_pdf 0.40
1447800082 2 add_outcome 0.22
1447800082 13 apply_bet 0.32
1447800082 6 get_pdf 0.41
1447800082 10 apply_bet 0.29
1447800082 5 apply_bet 0.32
1447800082 4 apply_bet 0.27
1447800082 13 get_pdf 0.37
1447800082 15 apply_bet 0.28
1447800082 9 apply_bet 0.30
1447800082 12 apply_bet 0.30
1447800083 5 get_pdf 0.39
1447800083 8 apply_bet 0.30
1447800083 10 get_pdf 0.42
1447800083 2 apply_bet 0.31
1447800083 4 get_pdf 0.35
1447800083 15 get_pdf 0.37
1447800083 9 get_pdf 0.35
1447800083 12 get_pdf 0.33
1447800083 8 get_pdf 0.31
1447800083 2 get_pdf 0.32
1447800086 3 add_outcome 0.19
1447800086 7 add_outcome 0.20
1447800086 1 add_outcome 0.20
1447800087 14 add_outcome 0.19
1447800087 11 add_outcome 0.18
1447800087 6 add_outcome 0.18
1447800088 13 add_outcome 0.18
1447800088 5 add_outcome 0.20
1447800088 10 add_outcome 0.20
1447800088 4 add_outcome 0.20
1447800088 15 add_outcome 0.20
1447800088 12 add_outcome 0.22
1447800088 9 add_outcome 0.25
1447800088 8 add_outcome 0.24
1447800088 2 add_outcome 0.24
1447800090 7 update_coef 4.32
1447800090 15 update_coef 2.35
1447800090 12 update_coef 2.33
1447800090 9 update_coef 2.31
1447800090 11 update_coef 3.30
1447800090 8 update_coef 2.32
1447800090 2 update_coef 2.30
1447800091 1 update_coef 4.30
1447800091 6 update_coef 3.29
1447800091 13 update_coef 3.32
1447800091 14 update_coef 4.29
1447800091 5 update_coef 3.35
1447800091 3 update_coef 5.29
1447800091 10 update_coef 3.35
1447800091 4 update_coef 3.35
1447800120 5 update_coef 29.31
1447800120 14 update_coef 29.36
1447800120 10 update_coef 29.32
1447800120 3 update_coef 29.37
1447800120 4 update_coef 29.33
1447800121 7 update_coef 30.38
1447800121 15 update_coef 30.39
1447800121 9 update_coef 30.35
1447800121 12 update_coef 30.36
1447800121 11 update_coef 30.40
1447800121 2 update_coef 30.36
1447800121 8 update_coef 30.40
1447800121 1 update_coef 30.39
1447800121 6 update_coef 30.33
1447800121 14 apply_bet 0.26
1447800121 5 apply_bet 0.26
1447800121 10 apply_bet 0.28
1447800121 3 apply_bet 0.28
1447800121 13 update_coef 30.36
1447800121 4 apply_bet 0.44
1447800121 15 apply_bet 0.36
1447800122 5 get_pdf 0.44
1447800122 14 get_pdf 0.46
1447800122 7 apply_bet 0.39
1447800122 12 apply_bet 0.39
1447800122 9 apply_bet 0.39
1447800122 10 get_pdf 0.49
1447800122 3 get_pdf 0.51
1447800122 11 apply_bet 0.46
1447800122 2 apply_bet 0.46
1447800122 1 apply_bet 0.30
1447800122 8 apply_bet 0.33
1447800122 6 apply_bet 0.24
1447800122 15 get_pdf 0.46
1447800122 4 get_pdf 0.68
1447800122 7 get_pdf 0.48
1447800122 12 get_pdf 0.46
1447800122 9 get_pdf 0.51
1447800122 11 get_pdf 0.43
1447800122 13 apply_bet 0.31
1447800122 1 get_pdf 0.44
1447800122 8 get_pdf 0.45
1447800122 2 get_pdf 0.47
1447800122 6 get_pdf 0.46
1447800123 13 get_pdf 0.38
