1447799516 5 27606891
1447799522 1 27606892
1447799526 100 27606893
1447799528 2 27606894
1447799532 5 27606895
1447799534 10 27606896
1447799536 9 27606897
1447799538 2 27606898
1447799540 9 27606899
1447799546 5 27606900
1447799546 4 27606901
1447799547 10 27606902
1447799548 5 27606903
1447799552 3 27606904
1447799540 9 27606899
1447799546 5 27606900
1447799546 4 27606901
1447799547 10 27606902
1447799548 -5 27606903
1447799552 5 27606904
1447799540 9 27606899
1447799546 100 27606900
1447799546 4 27606901
1447799547 -5 27606902
1447799548 3 27606903
1447799552 100 27606904